<?xml version="1.0" encoding="UTF-8"?>
<testsuite xmlns:xsi="http://www.w3.org/2001/XMLSchema-instance" xsi:noNamespaceSchemaLocation="https://maven.apache.org/surefire/maven-surefire-plugin/xsd/surefire-test-report-3.0.xsd" version="3.0" name="com.laboratoire.patient_service.PatientControllerTest" time="14.352" tests="4" errors="0" skipped="0" failures="0">
  <properties>
    <property name="java.specification.version" value="17"/>
    <property name="sun.cpu.isalist" value="amd64"/>
    <property name="sun.jnu.encoding" value="Cp1252"/>
    <property name="java.class.path" value="C:\Users\MSI\Desktop\Laboratory_Project\Backend\patient-service\target\test-classes;C:\Users\MSI\Desktop\Laboratory_Project\Backend\patient-service\target\classes;C:\Users\MSI\.m2\repository\org\springframework\boot\spring-boot-starter-data-jpa\3.1.5\spring-boot-starter-data-jpa-3.1.5.jar;C:\Users\MSI\.m2\repository\org\springframework\boot\spring-boot-starter-aop\3.1.5\spring-boot-starter-aop-3.1.5.jar;C:\Users\MSI\.m2\repository\org\aspectj\aspectjweaver\1.9.20\aspectjweaver-1.9.20.jar;C:\Users\MSI\.m2\repository\org\hibernate\orm\hibernate-core\6.2.13.Final\hibernate-core-6.2.13.Final.jar;C:\Users\MSI\.m2\repository\jakarta\persistence\jakarta.persistence-api\3.1.0\jakarta.persistence-api-3.1.0.jar;C:\Users\MSI\.m2\repository\jakarta\transaction\jakarta.transaction-api\2.0.1\jakarta.transaction-api-2.0.1.jar;C:\Users\MSI\.m2\repository\org\jboss\logging\jboss-logging\3.5.3.Final\jboss-logging-3.5.3.Final.jar;C:\Users\MSI\.m2\repository\org\hibernate\common\hibernate-commons-annotations\6.0.6.Final\hibernate-commons-annotations-6.0.6.Final.jar;C:\Users\MSI\.m2\repository\io\smallrye\jandex\3.0.5\jandex-3.0.5.jar;C:\Users\MSI\.m2\repository\com\fasterxml\classmate\1.5.1\classmate-1.5.1.jar;C:\Users\MSI\.m2\repository\org\glassfish\jaxb\jaxb-runtime\4.0.3\jaxb-runtime-4.0.3.jar;C:\Users\MSI\.m2\repository\jakarta\inject\jakarta.inject-api\2.0.1\jakarta.inject-api-2.0.1.jar;C:\Users\MSI\.m2\repository\org\antlr\antlr4-runtime\4.10.1\antlr4-runtime-4.10.1.jar;C:\Users\MSI\.m2\repository\org\springframework\data\spring-data-jpa\3.1.5\spring-data-jpa-3.1.5.jar;C:\Users\MSI\.m2\repository\org\springframework\data\spring-data-commons\3.1.5\spring-data-commons-3.1.5.jar;C:\Users\MSI\.m2\repository\org\springframework\spring-orm\6.0.13\spring-orm-6.0.13.jar;C:\Users\MSI\.m2\repository\org\springframework\spring-context\6.0.13\spring-context-6.0.13.jar;C:\Users\MSI\.m2\repository\org\springframework\spring-tx\6.0.13\spring-tx-6.0.13.jar;C:\Users\MSI\.m2\repository\org\springframework\spring-beans\6.0.13\spring-beans-6.0.13.jar;C:\Users\MSI\.m2\repository\jakarta\annotation\jakarta.annotation-api\2.1.1\jakarta.annotation-api-2.1.1.jar;C:\Users\MSI\.m2\repository\org\springframework\spring-aspects\6.0.13\spring-aspects-6.0.13.jar;C:\Users\MSI\.m2\repository\org\springframework\boot\spring-boot-starter-web\3.1.5\spring-boot-starter-web-3.1.5.jar;C:\Users\MSI\.m2\repository\org\springframework\boot\spring-boot-starter\3.1.5\spring-boot-starter-3.1.5.jar;C:\Users\MSI\.m2\repository\org\springframework\boot\spring-boot\3.1.5\spring-boot-3.1.5.jar;C:\Users\MSI\.m2\repository\org\springframework\boot\spring-boot-starter-logging\3.1.5\spring-boot-starter-logging-3.1.5.jar;C:\Users\MSI\.m2\repository\ch\qos\logback\logback-classic\1.4.11\logback-classic-1.4.11.jar;C:\Users\MSI\.m2\repository\ch\qos\logback\logback-core\1.4.11\logback-core-1.4.11.jar;C:\Users\MSI\.m2\repository\org\apache\logging\log4j\log4j-to-slf4j\2.20.0\log4j-to-slf4j-2.20.0.jar;C:\Users\MSI\.m2\repository\org\slf4j\jul-to-slf4j\2.0.9\jul-to-slf4j-2.0.9.jar;C:\Users\MSI\.m2\repository\org\yaml\snakeyaml\1.33\snakeyaml-1.33.jar;C:\Users\MSI\.m2\repository\org\springframework\boot\spring-boot-starter-json\3.1.5\spring-boot-starter-json-3.1.5.jar;C:\Users\MSI\.m2\repository\com\fasterxml\jackson\datatype\jackson-datatype-jdk8\2.15.3\jackson-datatype-jdk8-2.15.3.jar;C:\Users\MSI\.m2\repository\com\fasterxml\jackson\module\jackson-module-parameter-names\2.15.3\jackson-module-parameter-names-2.15.3.jar;C:\Users\MSI\.m2\repository\org\springframework\boot\spring-boot-starter-tomcat\3.1.5\spring-boot-starter-tomcat-3.1.5.jar;C:\Users\MSI\.m2\repository\org\apache\tomcat\embed\tomcat-embed-core\10.1.15\tomcat-embed-core-10.1.15.jar;C:\Users\MSI\.m2\repository\org\apache\tomcat\embed\tomcat-embed-websocket\10.1.15\tomcat-embed-websocket-10.1.15.jar;C:\Users\MSI\.m2\repository\org\springframework\spring-web\6.0.13\spring-web-6.0.13.jar;C:\Users\MSI\.m2\repository\io\micrometer\micrometer-observation\1.11.5\micrometer-observation-1.11.5.jar;C:\Users\MSI\.m2\repository\io\micrometer\micrometer-commons\1.11.5\micrometer-commons-1.11.5.jar;C:\Users\MSI\.m2\repository\org\springframework\spring-webmvc\6.0.13\spring-webmvc-6.0.13.jar;C:\Users\MSI\.m2\repository\org\springframework\spring-expression\6.0.13\spring-expression-6.0.13.jar;C:\Users\MSI\.m2\repository\org\springframework\boot\spring-boot-starter-jdbc\3.1.5\spring-boot-starter-jdbc-3.1.5.jar;C:\Users\MSI\.m2\repository\com\zaxxer\HikariCP\5.0.1\HikariCP-5.0.1.jar;C:\Users\MSI\.m2\repository\org\springframework\spring-jdbc\6.0.13\spring-jdbc-6.0.13.jar;C:\Users\MSI\.m2\repository\org\postgresql\postgresql\42.6.0\postgresql-42.6.0.jar;C:\Users\MSI\.m2\repository\org\checkerframework\checker-qual\3.31.0\checker-qual-3.31.0.jar;C:\Users\MSI\.m2\repository\org\springframework\cloud\spring-cloud-starter-netflix-eureka-client\4.0.3\spring-cloud-starter-netflix-eureka-client-4.0.3.jar;C:\Users\MSI\.m2\repository\org\springframework\cloud\spring-cloud-starter\4.0.4\spring-cloud-starter-4.0.4.jar;C:\Users\MSI\.m2\repository\org\springframework\security\spring-security-rsa\1.0.12.RELEASE\spring-security-rsa-1.0.12.RELEASE.jar;C:\Users\MSI\.m2\repository\org\bouncycastle\bcpkix-jdk18on\1.73\bcpkix-jdk18on-1.73.jar;C:\Users\MSI\.m2\repository\org\bouncycastle\bcutil-jdk18on\1.73\bcutil-jdk18on-1.73.jar;C:\Users\MSI\.m2\repository\org\springframework\cloud\spring-cloud-netflix-eureka-client\4.0.3\spring-cloud-netflix-eureka-client-4.0.3.jar;C:\Users\MSI\.m2\repository\com\netflix\eureka\eureka-client\2.0.1\eureka-client-2.0.1.jar;C:\Users\MSI\.m2\repository\com\netflix\netflix-commons\netflix-eventbus\0.3.0\netflix-eventbus-0.3.0.jar;C:\Users\MSI\.m2\repository\com\netflix\netflix-commons\netflix-infix\0.3.0\netflix-infix-0.3.0.jar;C:\Users\MSI\.m2\repository\commons-jxpath\commons-jxpath\1.3\commons-jxpath-1.3.jar;C:\Users\MSI\.m2\repository\joda-time\joda-time\2.3\joda-time-2.3.jar;C:\Users\MSI\.m2\repository\org\antlr\antlr-runtime\3.4\antlr-runtime-3.4.jar;C:\Users\MSI\.m2\repository\org\antlr\stringtemplate\3.2.1\stringtemplate-3.2.1.jar;C:\Users\MSI\.m2\repository\antlr\antlr\2.7.7\antlr-2.7.7.jar;C:\Users\MSI\.m2\repository\org\apache\commons\commons-math\2.2\commons-math-2.2.jar;C:\Users\MSI\.m2\repository\jakarta\ws\rs\jakarta.ws.rs-api\3.1.0\jakarta.ws.rs-api-3.1.0.jar;C:\Users\MSI\.m2\repository\com\netflix\servo\servo-core\0.12.21\servo-core-0.12.21.jar;C:\Users\MSI\.m2\repository\org\apache\httpcomponents\httpclient\4.5.3\httpclient-4.5.3.jar;C:\Users\MSI\.m2\repository\commons-configuration\commons-configuration\1.10\commons-configuration-1.10.jar;C:\Users\MSI\.m2\repository\commons-lang\commons-lang\2.6\commons-lang-2.6.jar;C:\Users\MSI\.m2\repository\org\codehaus\jettison\jettison\1.4.0\jettison-1.4.0.jar;C:\Users\MSI\.m2\repository\com\netflix\eureka\eureka-core\2.0.1\eureka-core-2.0.1.jar;C:\Users\MSI\.m2\repository\jakarta\servlet\jakarta.servlet-api\6.0.0\jakarta.servlet-api-6.0.0.jar;C:\Users\MSI\.m2\repository\com\fasterxml\woodstox\woodstox-core\6.2.1\woodstox-core-6.2.1.jar;C:\Users\MSI\.m2\repository\org\codehaus\woodstox\stax2-api\4.2.1\stax2-api-4.2.1.jar;C:\Users\MSI\.m2\repository\org\springframework\cloud\spring-cloud-starter-loadbalancer\4.0.4\spring-cloud-starter-loadbalancer-4.0.4.jar;C:\Users\MSI\.m2\repository\org\springframework\cloud\spring-cloud-loadbalancer\4.0.4\spring-cloud-loadbalancer-4.0.4.jar;C:\Users\MSI\.m2\repository\io\projectreactor\reactor-core\3.5.11\reactor-core-3.5.11.jar;C:\Users\MSI\.m2\repository\io\projectreactor\addons\reactor-extra\3.5.1\reactor-extra-3.5.1.jar;C:\Users\MSI\.m2\repository\org\springframework\boot\spring-boot-starter-cache\3.1.5\spring-boot-starter-cache-3.1.5.jar;C:\Users\MSI\.m2\repository\org\springframework\spring-context-support\6.0.13\spring-context-support-6.0.13.jar;C:\Users\MSI\.m2\repository\com\stoyanr\evictor\1.0.0\evictor-1.0.0.jar;C:\Users\MSI\.m2\repository\org\springframework\cloud\spring-cloud-starter-openfeign\4.0.4\spring-cloud-starter-openfeign-4.0.4.jar;C:\Users\MSI\.m2\repository\org\springframework\cloud\spring-cloud-openfeign-core\4.0.4\spring-cloud-openfeign-core-4.0.4.jar;C:\Users\MSI\.m2\repository\io\github\openfeign\form\feign-form-spring\3.8.0\feign-form-spring-3.8.0.jar;C:\Users\MSI\.m2\repository\io\github\openfeign\form\feign-form\3.8.0\feign-form-3.8.0.jar;C:\Users\MSI\.m2\repository\commons-fileupload\commons-fileupload\1.5\commons-fileupload-1.5.jar;C:\Users\MSI\.m2\repository\org\springframework\cloud\spring-cloud-commons\4.0.4\spring-cloud-commons-4.0.4.jar;C:\Users\MSI\.m2\repository\io\github\openfeign\feign-core\12.4\feign-core-12.4.jar;C:\Users\MSI\.m2\repository\io\github\openfeign\feign-slf4j\12.4\feign-slf4j-12.4.jar;C:\Users\MSI\.m2\repository\org\springframework\cloud\spring-cloud-context\4.0.4\spring-cloud-context-4.0.4.jar;C:\Users\MSI\.m2\repository\org\springframework\security\spring-security-crypto\6.1.5\spring-security-crypto-6.1.5.jar;C:\Users\MSI\.m2\repository\org\springframework\boot\spring-boot-starter-test\3.1.5\spring-boot-starter-test-3.1.5.jar;C:\Users\MSI\.m2\repository\org\springframework\boot\spring-boot-test\3.1.5\spring-boot-test-3.1.5.jar;C:\Users\MSI\.m2\repository\org\springframework\boot\spring-boot-test-autoconfigure\3.1.5\spring-boot-test-autoconfigure-3.1.5.jar;C:\Users\MSI\.m2\repository\com\jayway\jsonpath\json-path\2.8.0\json-path-2.8.0.jar;C:\Users\MSI\.m2\repository\jakarta\xml\bind\jakarta.xml.bind-api\4.0.1\jakarta.xml.bind-api-4.0.1.jar;C:\Users\MSI\.m2\repository\jakarta\activation\jakarta.activation-api\2.1.2\jakarta.activation-api-2.1.2.jar;C:\Users\MSI\.m2\repository\net\minidev\json-smart\2.4.11\json-smart-2.4.11.jar;C:\Users\MSI\.m2\repository\net\minidev\accessors-smart\2.4.11\accessors-smart-2.4.11.jar;C:\Users\MSI\.m2\repository\org\assertj\assertj-core\3.24.2\assertj-core-3.24.2.jar;C:\Users\MSI\.m2\repository\org\hamcrest\hamcrest\2.2\hamcrest-2.2.jar;C:\Users\MSI\.m2\repository\org\mockito\mockito-junit-jupiter\5.3.1\mockito-junit-jupiter-5.3.1.jar;C:\Users\MSI\.m2\repository\org\skyscreamer\jsonassert\1.5.1\jsonassert-1.5.1.jar;C:\Users\MSI\.m2\repository\com\vaadin\external\google\android-json\0.0.20131108.vaadin1\android-json-0.0.20131108.vaadin1.jar;C:\Users\MSI\.m2\repository\org\springframework\spring-core\6.0.13\spring-core-6.0.13.jar;C:\Users\MSI\.m2\repository\org\springframework\spring-jcl\6.0.13\spring-jcl-6.0.13.jar;C:\Users\MSI\.m2\repository\org\springframework\spring-test\6.0.13\spring-test-6.0.13.jar;C:\Users\MSI\.m2\repository\org\xmlunit\xmlunit-core\2.9.1\xmlunit-core-2.9.1.jar;C:\Users\MSI\.m2\repository\org\springframework\boot\spring-boot-testcontainers\3.1.5\spring-boot-testcontainers-3.1.5.jar;C:\Users\MSI\.m2\repository\org\springframework\boot\spring-boot-autoconfigure\3.1.5\spring-boot-autoconfigure-3.1.5.jar;C:\Users\MSI\.m2\repository\org\testcontainers\testcontainers\1.18.3\testcontainers-1.18.3.jar;C:\Users\MSI\.m2\repository\junit\junit\4.13.2\junit-4.13.2.jar;C:\Users\MSI\.m2\repository\org\hamcrest\hamcrest-core\2.2\hamcrest-core-2.2.jar;C:\Users\MSI\.m2\repository\org\apache\commons\commons-compress\1.23.0\commons-compress-1.23.0.jar;C:\Users\MSI\.m2\repository\org\rnorth\duct-tape\duct-tape\1.0.8\duct-tape-1.0.8.jar;C:\Users\MSI\.m2\repository\com\github\docker-java\docker-java-api\3.3.0\docker-java-api-3.3.0.jar;C:\Users\MSI\.m2\repository\com\github\docker-java\docker-java-transport-zerodep\3.3.0\docker-java-transport-zerodep-3.3.0.jar;C:\Users\MSI\.m2\repository\org\testcontainers\junit-jupiter\1.18.3\junit-jupiter-1.18.3.jar;C:\Users\MSI\.m2\repository\org\testcontainers\postgresql\1.18.3\postgresql-1.18.3.jar;C:\Users\MSI\.m2\repository\org\testcontainers\jdbc\1.18.3\jdbc-1.18.3.jar;C:\Users\MSI\.m2\repository\org\testcontainers\database-commons\1.18.3\database-commons-1.18.3.jar;C:\Users\MSI\.m2\repository\org\seleniumhq\selenium\selenium-remote-driver\4.8.3\selenium-remote-driver-4.8.3.jar;C:\Users\MSI\.m2\repository\com\beust\jcommander\1.82\jcommander-1.82.jar;C:\Users\MSI\.m2\repository\com\google\auto\service\auto-service-annotations\1.0.1\auto-service-annotations-1.0.1.jar;C:\Users\MSI\.m2\repository\com\google\auto\service\auto-service\1.0.1\auto-service-1.0.1.jar;C:\Users\MSI\.m2\repository\com\google\auto\auto-common\1.2\auto-common-1.2.jar;C:\Users\MSI\.m2\repository\com\google\guava\guava\31.1-jre\guava-31.1-jre.jar;C:\Users\MSI\.m2\repository\com\google\guava\failureaccess\1.0.1\failureaccess-1.0.1.jar;C:\Users\MSI\.m2\repository\com\google\guava\listenablefuture\9999.0-empty-to-avoid-conflict-with-guava\listenablefuture-9999.0-empty-to-avoid-conflict-with-guava.jar;C:\Users\MSI\.m2\repository\com\google\code\findbugs\jsr305\3.0.2\jsr305-3.0.2.jar;C:\Users\MSI\.m2\repository\com\google\errorprone\error_prone_annotations\2.11.0\error_prone_annotations-2.11.0.jar;C:\Users\MSI\.m2\repository\com\google\j2objc\j2objc-annotations\1.3\j2objc-annotations-1.3.jar;C:\Users\MSI\.m2\repository\io\netty\netty-buffer\4.1.100.Final\netty-buffer-4.1.100.Final.jar;C:\Users\MSI\.m2\repository\io\netty\netty-codec-http\4.1.100.Final\netty-codec-http-4.1.100.Final.jar;C:\Users\MSI\.m2\repository\io\netty\netty-codec\4.1.100.Final\netty-codec-4.1.100.Final.jar;C:\Users\MSI\.m2\repository\io\netty\netty-handler\4.1.100.Final\netty-handler-4.1.100.Final.jar;C:\Users\MSI\.m2\repository\io\netty\netty-common\4.1.100.Final\netty-common-4.1.100.Final.jar;C:\Users\MSI\.m2\repository\io\netty\netty-transport-classes-epoll\4.1.100.Final\netty-transport-classes-epoll-4.1.100.Final.jar;C:\Users\MSI\.m2\repository\io\netty\netty-transport-classes-kqueue\4.1.100.Final\netty-transport-classes-kqueue-4.1.100.Final.jar;C:\Users\MSI\.m2\repository\io\netty\netty-transport-native-epoll\4.1.100.Final\netty-transport-native-epoll-4.1.100.Final.jar;C:\Users\MSI\.m2\repository\io\netty\netty-transport-native-kqueue\4.1.100.Final\netty-transport-native-kqueue-4.1.100.Final.jar;C:\Users\MSI\.m2\repository\io\netty\netty-transport-native-unix-common\4.1.100.Final\netty-transport-native-unix-common-4.1.100.Final.jar;C:\Users\MSI\.m2\repository\io\netty\netty-transport\4.1.100.Final\netty-transport-4.1.100.Final.jar;C:\Users\MSI\.m2\repository\io\netty\netty-resolver\4.1.100.Final\netty-resolver-4.1.100.Final.jar;C:\Users\MSI\.m2\repository\io\opentelemetry\opentelemetry-context\1.25.0\opentelemetry-context-1.25.0.jar;C:\Users\MSI\.m2\repository\io\opentelemetry\opentelemetry-sdk-common\1.25.0\opentelemetry-sdk-common-1.25.0.jar;C:\Users\MSI\.m2\repository\io\opentelemetry\opentelemetry-sdk-extension-autoconfigure-spi\1.25.0\opentelemetry-sdk-extension-autoconfigure-spi-1.25.0.jar;C:\Users\MSI\.m2\repository\io\opentelemetry\opentelemetry-sdk-extension-autoconfigure\1.24.0-alpha\opentelemetry-sdk-extension-autoconfigure-1.24.0-alpha.jar;C:\Users\MSI\.m2\repository\io\opentelemetry\opentelemetry-sdk-trace\1.25.0\opentelemetry-sdk-trace-1.25.0.jar;C:\Users\MSI\.m2\repository\io\opentelemetry\opentelemetry-semconv\1.24.0-alpha\opentelemetry-semconv-1.24.0-alpha.jar;C:\Users\MSI\.m2\repository\io\ous\jtoml\2.0.0\jtoml-2.0.0.jar;C:\Users\MSI\.m2\repository\net\bytebuddy\byte-buddy\1.14.9\byte-buddy-1.14.9.jar;C:\Users\MSI\.m2\repository\org\apache\commons\commons-exec\1.3\commons-exec-1.3.jar;C:\Users\MSI\.m2\repository\org\asynchttpclient\async-http-client\2.12.3\async-http-client-2.12.3.jar;C:\Users\MSI\.m2\repository\org\asynchttpclient\async-http-client-netty-utils\2.12.3\async-http-client-netty-utils-2.12.3.jar;C:\Users\MSI\.m2\repository\io\netty\netty-codec-socks\4.1.100.Final\netty-codec-socks-4.1.100.Final.jar;C:\Users\MSI\.m2\repository\io\netty\netty-handler-proxy\4.1.100.Final\netty-handler-proxy-4.1.100.Final.jar;C:\Users\MSI\.m2\repository\io\netty\netty-transport-native-epoll\4.1.100.Final\netty-transport-native-epoll-4.1.100.Final-linux-x86_64.jar;C:\Users\MSI\.m2\repository\io\netty\netty-transport-native-kqueue\4.1.100.Final\netty-transport-native-kqueue-4.1.100.Final-osx-x86_64.jar;C:\Users\MSI\.m2\repository\org\reactivestreams\reactive-streams\1.0.4\reactive-streams-1.0.4.jar;C:\Users\MSI\.m2\repository\com\typesafe\netty\netty-reactive-streams\2.0.4\netty-reactive-streams-2.0.4.jar;C:\Users\MSI\.m2\repository\com\sun\activation\jakarta.activation\1.2.2\jakarta.activation-1.2.2.jar;C:\Users\MSI\.m2\repository\org\seleniumhq\selenium\selenium-api\4.8.3\selenium-api-4.8.3.jar;C:\Users\MSI\.m2\repository\org\seleniumhq\selenium\selenium-http\4.8.3\selenium-http-4.8.3.jar;C:\Users\MSI\.m2\repository\dev\failsafe\failsafe\3.3.1\failsafe-3.3.1.jar;C:\Users\MSI\.m2\repository\org\seleniumhq\selenium\selenium-json\4.8.3\selenium-json-4.8.3.jar;C:\Users\MSI\.m2\repository\org\seleniumhq\selenium\selenium-manager\4.8.3\selenium-manager-4.8.3.jar;C:\Users\MSI\.m2\repository\org\seleniumhq\selenium\selenium-chrome-driver\4.11.0\selenium-chrome-driver-4.11.0.jar;C:\Users\MSI\.m2\repository\org\seleniumhq\selenium\selenium-chromium-driver\4.8.3\selenium-chromium-driver-4.8.3.jar;C:\Users\MSI\.m2\repository\org\seleniumhq\selenium\selenium-java\4.8.3\selenium-java-4.8.3.jar;C:\Users\MSI\.m2\repository\org\seleniumhq\selenium\selenium-devtools-v109\4.8.3\selenium-devtools-v109-4.8.3.jar;C:\Users\MSI\.m2\repository\org\seleniumhq\selenium\selenium-devtools-v110\4.8.3\selenium-devtools-v110-4.8.3.jar;C:\Users\MSI\.m2\repository\org\seleniumhq\selenium\selenium-devtools-v111\4.8.3\selenium-devtools-v111-4.8.3.jar;C:\Users\MSI\.m2\repository\org\seleniumhq\selenium\selenium-devtools-v85\4.8.3\selenium-devtools-v85-4.8.3.jar;C:\Users\MSI\.m2\repository\org\seleniumhq\selenium\selenium-edge-driver\4.8.3\selenium-edge-driver-4.8.3.jar;C:\Users\MSI\.m2\repository\org\seleniumhq\selenium\selenium-firefox-driver\4.8.3\selenium-firefox-driver-4.8.3.jar;C:\Users\MSI\.m2\repository\org\seleniumhq\selenium\selenium-ie-driver\4.8.3\selenium-ie-driver-4.8.3.jar;C:\Users\MSI\.m2\repository\org\seleniumhq\selenium\selenium-safari-driver\4.8.3\selenium-safari-driver-4.8.3.jar;C:\Users\MSI\.m2\repository\org\seleniumhq\selenium\selenium-support\4.8.3\selenium-support-4.8.3.jar;C:\Users\MSI\.m2\repository\io\opentelemetry\opentelemetry-api\1.15.0\opentelemetry-api-1.15.0.jar;C:\Users\MSI\.m2\repository\io\opentelemetry\opentelemetry-sdk\1.15.0\opentelemetry-sdk-1.15.0.jar;C:\Users\MSI\.m2\repository\io\opentelemetry\opentelemetry-sdk-metrics\1.25.0\opentelemetry-sdk-metrics-1.25.0.jar;C:\Users\MSI\.m2\repository\io\opentelemetry\opentelemetry-sdk-logs\1.15.0-alpha\opentelemetry-sdk-logs-1.15.0-alpha.jar;C:\Users\MSI\.m2\repository\org\apache\jmeter\ApacheJMeter_core\5.5\ApacheJMeter_core-5.5.jar;C:\Users\MSI\.m2\repository\org\apache\jmeter\ApacheJMeter\5.5\ApacheJMeter-5.5.jar;C:\Users\MSI\.m2\repository\org\apache\jmeter\jorphan\5.5\jorphan-5.5.jar;C:\Users\MSI\.m2\repository\bsf\bsf\2.4.0\bsf-2.4.0.jar;C:\Users\MSI\.m2\repository\commons-logging\commons-logging\1.0.4\commons-logging-1.0.4.jar;C:\Users\MSI\.m2\repository\com\fifesoft\rsyntaxtextarea\3.2.0\rsyntaxtextarea-3.2.0.jar;C:\Users\MSI\.m2\repository\net\sf\jtidy\jtidy\r938\jtidy-r938.jar;C:\Users\MSI\.m2\repository\org\apache\logging\log4j\log4j-1.2-api\2.20.0\log4j-1.2-api-2.20.0.jar;C:\Users\MSI\.m2\repository\org\apache\logging\log4j\log4j-api\2.20.0\log4j-api-2.20.0.jar;C:\Users\MSI\.m2\repository\org\apache\logging\log4j\log4j-core\2.20.0\log4j-core-2.20.0.jar;C:\Users\MSI\.m2\repository\org\apache\logging\log4j\log4j-slf4j-impl\2.20.0\log4j-slf4j-impl-2.20.0.jar;C:\Users\MSI\.m2\repository\org\apiguardian\apiguardian-api\1.1.2\apiguardian-api-1.1.2.jar;C:\Users\MSI\.m2\repository\oro\oro\2.0.8\oro-2.0.8.jar;C:\Users\MSI\.m2\repository\xalan\xalan\2.7.2\xalan-2.7.2.jar;C:\Users\MSI\.m2\repository\xalan\serializer\2.7.2\serializer-2.7.2.jar;C:\Users\MSI\.m2\repository\net\sf\saxon\Saxon-HE\11.3\Saxon-HE-11.3.jar;C:\Users\MSI\.m2\repository\org\xmlresolver\xmlresolver\4.2.0\xmlresolver-4.2.0.jar;C:\Users\MSI\.m2\repository\org\xmlresolver\xmlresolver\4.2.0\xmlresolver-4.2.0-data.jar;C:\Users\MSI\.m2\repository\org\jetbrains\kotlin\kotlin-stdlib-jdk8\1.8.22\kotlin-stdlib-jdk8-1.8.22.jar;C:\Users\MSI\.m2\repository\org\jetbrains\kotlin\kotlin-stdlib\1.8.22\kotlin-stdlib-1.8.22.jar;C:\Users\MSI\.m2\repository\org\jetbrains\kotlin\kotlin-stdlib-jdk7\1.8.22\kotlin-stdlib-jdk7-1.8.22.jar;C:\Users\MSI\.m2\repository\org\jetbrains\kotlinx\kotlinx-coroutines-core\1.6.4\kotlinx-coroutines-core-1.6.4.jar;C:\Users\MSI\.m2\repository\org\jetbrains\kotlinx\kotlinx-coroutines-core-jvm\1.6.4\kotlinx-coroutines-core-jvm-1.6.4.jar;C:\Users\MSI\.m2\repository\org\jetbrains\kotlinx\kotlinx-coroutines-swing\1.6.4\kotlinx-coroutines-swing-1.6.4.jar;C:\Users\MSI\.m2\repository\com\fasterxml\jackson\core\jackson-annotations\2.15.3\jackson-annotations-2.15.3.jar;C:\Users\MSI\.m2\repository\com\fasterxml\jackson\core\jackson-core\2.15.3\jackson-core-2.15.3.jar;C:\Users\MSI\.m2\repository\com\fasterxml\jackson\core\jackson-databind\2.15.3\jackson-databind-2.15.3.jar;C:\Users\MSI\.m2\repository\com\formdev\svgSalamander\1.1.2.4\svgSalamander-1.1.2.4.jar;C:\Users\MSI\.m2\repository\com\github\ben-manes\caffeine\caffeine\3.1.8\caffeine-3.1.8.jar;C:\Users\MSI\.m2\repository\com\github\weisj\darklaf-core\2.7.3\darklaf-core-2.7.3.jar;C:\Users\MSI\.m2\repository\com\github\weisj\darklaf-utils\2.7.3\darklaf-utils-2.7.3.jar;C:\Users\MSI\.m2\repository\com\github\weisj\darklaf-native-utils\2.7.3\darklaf-native-utils-2.7.3.jar;C:\Users\MSI\.m2\repository\com\github\weisj\darklaf-platform-base\2.7.3\darklaf-platform-base-2.7.3.jar;C:\Users\MSI\.m2\repository\com\github\weisj\darklaf-windows\2.7.3\darklaf-windows-2.7.3.jar;C:\Users\MSI\.m2\repository\com\github\weisj\darklaf-macos\2.7.3\darklaf-macos-2.7.3.jar;C:\Users\MSI\.m2\repository\com\github\weisj\swing-extensions-laf-support\0.1.3\swing-extensions-laf-support-0.1.3.jar;C:\Users\MSI\.m2\repository\com\github\weisj\darklaf-theme\2.7.3\darklaf-theme-2.7.3.jar;C:\Users\MSI\.m2\repository\com\github\weisj\darklaf-property-loader\2.7.3\darklaf-property-loader-2.7.3.jar;C:\Users\MSI\.m2\repository\com\github\weisj\swing-extensions-visual-padding\0.1.3\swing-extensions-visual-padding-0.1.3.jar;C:\Users\MSI\.m2\repository\org\jetbrains\annotations\16.0.2\annotations-16.0.2.jar;C:\Users\MSI\.m2\repository\com\github\weisj\darklaf-extensions-rsyntaxarea\0.3.4\darklaf-extensions-rsyntaxarea-0.3.4.jar;C:\Users\MSI\.m2\repository\com\miglayout\miglayout-swing\5.3\miglayout-swing-5.3.jar;C:\Users\MSI\.m2\repository\com\miglayout\miglayout-core\5.3\miglayout-core-5.3.jar;C:\Users\MSI\.m2\repository\commons-codec\commons-codec\1.15\commons-codec-1.15.jar;C:\Users\MSI\.m2\repository\commons-collections\commons-collections\3.2.2\commons-collections-3.2.2.jar;C:\Users\MSI\.m2\repository\org\jetbrains\lets-plot\lets-plot-batik\2.2.1\lets-plot-batik-2.2.1.jar;C:\Users\MSI\.m2\repository\org\apache\xmlgraphics\batik-codec\1.14\batik-codec-1.14.jar;C:\Users\MSI\.m2\repository\org\apache\xmlgraphics\batik-awt-util\1.14\batik-awt-util-1.14.jar;C:\Users\MSI\.m2\repository\org\apache\xmlgraphics\batik-bridge\1.14\batik-bridge-1.14.jar;C:\Users\MSI\.m2\repository\org\apache\xmlgraphics\batik-anim\1.14\batik-anim-1.14.jar;C:\Users\MSI\.m2\repository\org\apache\xmlgraphics\batik-ext\1.14\batik-ext-1.14.jar;C:\Users\MSI\.m2\repository\org\apache\xmlgraphics\batik-css\1.14\batik-css-1.14.jar;C:\Users\MSI\.m2\repository\org\apache\xmlgraphics\batik-dom\1.14\batik-dom-1.14.jar;C:\Users\MSI\.m2\repository\org\apache\xmlgraphics\batik-gvt\1.14\batik-gvt-1.14.jar;C:\Users\MSI\.m2\repository\org\apache\xmlgraphics\batik-parser\1.14\batik-parser-1.14.jar;C:\Users\MSI\.m2\repository\org\apache\xmlgraphics\batik-script\1.14\batik-script-1.14.jar;C:\Users\MSI\.m2\repository\org\apache\xmlgraphics\batik-svg-dom\1.14\batik-svg-dom-1.14.jar;C:\Users\MSI\.m2\repository\org\apache\xmlgraphics\batik-xml\1.14\batik-xml-1.14.jar;C:\Users\MSI\.m2\repository\xml-apis\xml-apis-ext\1.3.04\xml-apis-ext-1.3.04.jar;C:\Users\MSI\.m2\repository\org\apache\xmlgraphics\batik-shared-resources\1.14\batik-shared-resources-1.14.jar;C:\Users\MSI\.m2\repository\org\apache\xmlgraphics\batik-transcoder\1.14\batik-transcoder-1.14.jar;C:\Users\MSI\.m2\repository\org\apache\xmlgraphics\batik-svggen\1.14\batik-svggen-1.14.jar;C:\Users\MSI\.m2\repository\org\apache\xmlgraphics\batik-util\1.14\batik-util-1.14.jar;C:\Users\MSI\.m2\repository\org\apache\xmlgraphics\batik-constants\1.14\batik-constants-1.14.jar;C:\Users\MSI\.m2\repository\org\apache\xmlgraphics\batik-i18n\1.14\batik-i18n-1.14.jar;C:\Users\MSI\.m2\repository\org\jetbrains\lets-plot\lets-plot-common\2.2.1\lets-plot-common-2.2.1.jar;C:\Users\MSI\.m2\repository\io\github\microutils\kotlin-logging\2.0.5\kotlin-logging-2.0.5.jar;C:\Users\MSI\.m2\repository\org\jetbrains\kotlinx\kotlinx-html-jvm\0.7.3\kotlinx-html-jvm-0.7.3.jar;C:\Users\MSI\.m2\repository\org\jetbrains\lets-plot\lets-plot-kotlin-jvm\3.1.1\lets-plot-kotlin-jvm-3.1.1.jar;C:\Users\MSI\.m2\repository\org\jetbrains\lets-plot\base-portable-jvm\2.2.1\base-portable-jvm-2.2.1.jar;C:\Users\MSI\.m2\repository\org\jetbrains\lets-plot\plot-base-portable-jvm\2.2.1\plot-base-portable-jvm-2.2.1.jar;C:\Users\MSI\.m2\repository\org\jetbrains\lets-plot\vis-svg-portable-jvm\2.2.1\vis-svg-portable-jvm-2.2.1.jar;C:\Users\MSI\.m2\repository\org\jetbrains\lets-plot\plot-common-portable-jvm\2.2.1\plot-common-portable-jvm-2.2.1.jar;C:\Users\MSI\.m2\repository\org\jetbrains\lets-plot\plot-builder-portable-jvm\2.2.1\plot-builder-portable-jvm-2.2.1.jar;C:\Users\MSI\.m2\repository\org\jetbrains\lets-plot\plot-config-portable-jvm\2.2.1\plot-config-portable-jvm-2.2.1.jar;C:\Users\MSI\.m2\repository\org\jetbrains\kotlin\kotlin-stdlib-common\1.8.22\kotlin-stdlib-common-1.8.22.jar;C:\Users\MSI\.m2\repository\io\github\microutils\kotlin-logging-jvm\2.0.5\kotlin-logging-jvm-2.0.5.jar;C:\Users\MSI\.m2\repository\org\apache\commons\commons-collections4\4.4\commons-collections4-4.4.jar;C:\Users\MSI\.m2\repository\org\apache\commons\commons-math3\3.6.1\commons-math3-3.6.1.jar;C:\Users\MSI\.m2\repository\org\apache\commons\commons-text\1.9\commons-text-1.9.jar;C:\Users\MSI\.m2\repository\org\apache\tika\tika-core\1.28.3\tika-core-1.28.3.jar;C:\Users\MSI\.m2\repository\org\apache\xmlgraphics\xmlgraphics-commons\2.7\xmlgraphics-commons-2.7.jar;C:\Users\MSI\.m2\repository\org\freemarker\freemarker\2.3.32\freemarker-2.3.32.jar;C:\Users\MSI\.m2\repository\org\jodd\jodd-core\5.0.13\jodd-core-5.0.13.jar;C:\Users\MSI\.m2\repository\org\jodd\jodd-props\5.0.13\jodd-props-5.0.13.jar;C:\Users\MSI\.m2\repository\org\mozilla\rhino\1.7.14\rhino-1.7.14.jar;C:\Users\MSI\.m2\repository\org\slf4j\jcl-over-slf4j\2.0.9\jcl-over-slf4j-2.0.9.jar;C:\Users\MSI\.m2\repository\org\codehaus\groovy\groovy\3.0.11\groovy-3.0.11.jar;C:\Users\MSI\.m2\repository\org\codehaus\groovy\groovy-dateutil\3.0.11\groovy-dateutil-3.0.11.jar;C:\Users\MSI\.m2\repository\org\codehaus\groovy\groovy-datetime\3.0.11\groovy-datetime-3.0.11.jar;C:\Users\MSI\.m2\repository\org\codehaus\groovy\groovy-jmx\3.0.11\groovy-jmx-3.0.11.jar;C:\Users\MSI\.m2\repository\org\codehaus\groovy\groovy-json\3.0.11\groovy-json-3.0.11.jar;C:\Users\MSI\.m2\repository\org\codehaus\groovy\groovy-jsr223\3.0.11\groovy-jsr223-3.0.11.jar;C:\Users\MSI\.m2\repository\org\codehaus\groovy\groovy-sql\3.0.11\groovy-sql-3.0.11.jar;C:\Users\MSI\.m2\repository\org\codehaus\groovy\groovy-templates\3.0.11\groovy-templates-3.0.11.jar;C:\Users\MSI\.m2\repository\org\codehaus\groovy\groovy-xml\3.0.11\groovy-xml-3.0.11.jar;C:\Users\MSI\.m2\repository\org\apache\tika\tika-parsers\1.28.3\tika-parsers-1.28.3.jar;C:\Users\MSI\.m2\repository\xerces\xercesImpl\2.12.2\xercesImpl-2.12.2.jar;C:\Users\MSI\.m2\repository\xml-apis\xml-apis\1.4.01\xml-apis-1.4.01.jar;C:\Users\MSI\.m2\repository\org\apache\jmeter\ApacheJMeter_http\5.5\ApacheJMeter_http-5.5.jar;C:\Users\MSI\.m2\repository\org\apache\jmeter\ApacheJMeter_components\5.5\ApacheJMeter_components-5.5.jar;C:\Users\MSI\.m2\repository\org\apache-extras\beanshell\bsh\2.0b6\bsh-2.0b6.jar;C:\Users\MSI\.m2\repository\javax\mail\mail\1.5.0-b01\mail-1.5.0-b01.jar;C:\Users\MSI\.m2\repository\io\burt\jmespath-core\0.5.1\jmespath-core-0.5.1.jar;C:\Users\MSI\.m2\repository\io\burt\jmespath-jackson\0.5.1\jmespath-jackson-0.5.1.jar;C:\Users\MSI\.m2\repository\jcharts\jcharts\0.7.5\jcharts-0.7.5.jar;C:\Users\MSI\.m2\repository\org\apache\commons\commons-pool2\2.11.1\commons-pool2-2.11.1.jar;C:\Users\MSI\.m2\repository\org\ow2\asm\asm\9.3\asm-9.3.jar;C:\Users\MSI\.m2\repository\org\jodd\jodd-log\5.0.13\jodd-log-5.0.13.jar;C:\Users\MSI\.m2\repository\org\apache\httpcomponents\httpasyncclient\4.1.5\httpasyncclient-4.1.5.jar;C:\Users\MSI\.m2\repository\org\apache\httpcomponents\httpcore-nio\4.4.16\httpcore-nio-4.4.16.jar;C:\Users\MSI\.m2\repository\com\sun\activation\javax.activation\1.2.0\javax.activation-1.2.0.jar;C:\Users\MSI\.m2\repository\commons-io\commons-io\2.11.0\commons-io-2.11.0.jar;C:\Users\MSI\.m2\repository\org\apache\commons\commons-lang3\3.12.0\commons-lang3-3.12.0.jar;C:\Users\MSI\.m2\repository\org\jodd\jodd-lagarto\5.0.13\jodd-lagarto-5.0.13.jar;C:\Users\MSI\.m2\repository\org\jsoup\jsoup\1.15.1\jsoup-1.15.1.jar;C:\Users\MSI\.m2\repository\commons-net\commons-net\3.8.0\commons-net-3.8.0.jar;C:\Users\MSI\.m2\repository\com\helger\commons\ph-commons\10.1.6\ph-commons-10.1.6.jar;C:\Users\MSI\.m2\repository\com\helger\ph-css\6.5.0\ph-css-6.5.0.jar;C:\Users\MSI\.m2\repository\dnsjava\dnsjava\2.1.9\dnsjava-2.1.9.jar;C:\Users\MSI\.m2\repository\org\apache\httpcomponents\httpmime\4.5.13\httpmime-4.5.13.jar;C:\Users\MSI\.m2\repository\org\apache\httpcomponents\httpcore\4.4.16\httpcore-4.4.16.jar;C:\Users\MSI\.m2\repository\org\brotli\dec\0.1.2\dec-0.1.2.jar;C:\Users\MSI\.m2\repository\kg\apc\jmeter-plugins-standard\1.4.0\jmeter-plugins-standard-1.4.0.jar;C:\Users\MSI\.m2\repository\kg\apc\cmdrunner\1.0.2\cmdrunner-1.0.2.jar;C:\Users\MSI\.m2\repository\org\thymeleaf\extras\thymeleaf-extras-springsecurity6\3.1.2.RELEASE\thymeleaf-extras-springsecurity6-3.1.2.RELEASE.jar;C:\Users\MSI\.m2\repository\org\thymeleaf\thymeleaf-spring6\3.1.2.RELEASE\thymeleaf-spring6-3.1.2.RELEASE.jar;C:\Users\MSI\.m2\repository\org\thymeleaf\thymeleaf\3.1.2.RELEASE\thymeleaf-3.1.2.RELEASE.jar;C:\Users\MSI\.m2\repository\org\attoparser\attoparser\2.0.7.RELEASE\attoparser-2.0.7.RELEASE.jar;C:\Users\MSI\.m2\repository\org\unbescape\unbescape\1.1.6.RELEASE\unbescape-1.1.6.RELEASE.jar;C:\Users\MSI\.m2\repository\org\slf4j\slf4j-api\2.0.9\slf4j-api-2.0.9.jar;C:\Users\MSI\.m2\repository\org\springframework\security\spring-security-test\6.1.5\spring-security-test-6.1.5.jar;C:\Users\MSI\.m2\repository\org\springframework\security\spring-security-core\6.1.5\spring-security-core-6.1.5.jar;C:\Users\MSI\.m2\repository\org\springframework\security\spring-security-web\6.1.5\spring-security-web-6.1.5.jar;C:\Users\MSI\.m2\repository\org\springframework\boot\spring-boot-starter-security\3.1.5\spring-boot-starter-security-3.1.5.jar;C:\Users\MSI\.m2\repository\org\springframework\spring-aop\6.0.13\spring-aop-6.0.13.jar;C:\Users\MSI\.m2\repository\org\springframework\security\spring-security-config\6.1.5\spring-security-config-6.1.5.jar;C:\Users\MSI\.m2\repository\org\keycloak\keycloak-spring-boot-starter\24.0.4\keycloak-spring-boot-starter-24.0.4.jar;C:\Users\MSI\.m2\repository\org\keycloak\keycloak-spring-boot-2-adapter\24.0.4\keycloak-spring-boot-2-adapter-24.0.4.jar;C:\Users\MSI\.m2\repository\org\keycloak\keycloak-spring-boot-adapter-core\24.0.4\keycloak-spring-boot-adapter-core-24.0.4.jar;C:\Users\MSI\.m2\repository\org\keycloak\keycloak-authz-client\24.0.4\keycloak-authz-client-24.0.4.jar;C:\Users\MSI\.m2\repository\org\keycloak\spring-boot-container-bundle\24.0.4\spring-boot-container-bundle-24.0.4.jar;C:\Users\MSI\.m2\repository\org\keycloak\keycloak-adapter-core\24.0.4\keycloak-adapter-core-24.0.4.jar;C:\Users\MSI\.m2\repository\org\keycloak\keycloak-crypto-default\24.0.4\keycloak-crypto-default-24.0.4.jar;C:\Users\MSI\.m2\repository\org\keycloak\keycloak-server-spi\24.0.4\keycloak-server-spi-24.0.4.jar;C:\Users\MSI\.m2\repository\org\keycloak\keycloak-server-spi-private\24.0.4\keycloak-server-spi-private-24.0.4.jar;C:\Users\MSI\.m2\repository\org\keycloak\keycloak-spring-security-adapter\24.0.4\keycloak-spring-security-adapter-24.0.4.jar;C:\Users\MSI\.m2\repository\org\keycloak\keycloak-adapter-spi\24.0.4\keycloak-adapter-spi-24.0.4.jar;C:\Users\MSI\.m2\repository\org\keycloak\keycloak-policy-enforcer\24.0.4\keycloak-policy-enforcer-24.0.4.jar;C:\Users\MSI\.m2\repository\org\bouncycastle\bcprov-jdk18on\1.77\bcprov-jdk18on-1.77.jar;C:\Users\MSI\.m2\repository\org\keycloak\keycloak-admin-client\24.0.4\keycloak-admin-client-24.0.4.jar;C:\Users\MSI\.m2\repository\org\keycloak\keycloak-core\24.0.4\keycloak-core-24.0.4.jar;C:\Users\MSI\.m2\repository\org\keycloak\keycloak-common\24.0.4\keycloak-common-24.0.4.jar;C:\Users\MSI\.m2\repository\org\jboss\resteasy\resteasy-client\6.2.7.Final\resteasy-client-6.2.7.Final.jar;C:\Users\MSI\.m2\repository\org\jboss\resteasy\resteasy-client-api\6.2.7.Final\resteasy-client-api-6.2.7.Final.jar;C:\Users\MSI\.m2\repository\org\jboss\resteasy\resteasy-core-spi\6.2.7.Final\resteasy-core-spi-6.2.7.Final.jar;C:\Users\MSI\.m2\repository\org\jboss\resteasy\resteasy-core\6.2.7.Final\resteasy-core-6.2.7.Final.jar;C:\Users\MSI\.m2\repository\org\jboss\jandex\2.4.4.Final\jandex-2.4.4.Final.jar;C:\Users\MSI\.m2\repository\org\eclipse\angus\angus-activation\2.0.1\angus-activation-2.0.1.jar;C:\Users\MSI\.m2\repository\com\ibm\async\asyncutil\0.1.0\asyncutil-0.1.0.jar;C:\Users\MSI\.m2\repository\org\jboss\resteasy\resteasy-multipart-provider\6.2.7.Final\resteasy-multipart-provider-6.2.7.Final.jar;C:\Users\MSI\.m2\repository\jakarta\mail\jakarta.mail-api\2.1.2\jakarta.mail-api-2.1.2.jar;C:\Users\MSI\.m2\repository\org\eclipse\angus\angus-mail\1.1.0\angus-mail-1.1.0.jar;C:\Users\MSI\.m2\repository\org\apache\james\apache-mime4j-dom\0.8.9\apache-mime4j-dom-0.8.9.jar;C:\Users\MSI\.m2\repository\org\apache\james\apache-mime4j-core\0.8.9\apache-mime4j-core-0.8.9.jar;C:\Users\MSI\.m2\repository\org\apache\james\apache-mime4j-storage\0.8.9\apache-mime4j-storage-0.8.9.jar;C:\Users\MSI\.m2\repository\org\jboss\resteasy\resteasy-jackson2-provider\6.2.7.Final\resteasy-jackson2-provider-6.2.7.Final.jar;C:\Users\MSI\.m2\repository\com\fasterxml\jackson\jakarta\rs\jackson-jakarta-rs-base\2.15.3\jackson-jakarta-rs-base-2.15.3.jar;C:\Users\MSI\.m2\repository\com\fasterxml\jackson\jakarta\rs\jackson-jakarta-rs-json-provider\2.15.3\jackson-jakarta-rs-json-provider-2.15.3.jar;C:\Users\MSI\.m2\repository\com\fasterxml\jackson\module\jackson-module-jakarta-xmlbind-annotations\2.15.3\jackson-module-jakarta-xmlbind-annotations-2.15.3.jar;C:\Users\MSI\.m2\repository\com\github\java-json-tools\json-patch\1.13\json-patch-1.13.jar;C:\Users\MSI\.m2\repository\com\github\java-json-tools\msg-simple\1.2\msg-simple-1.2.jar;C:\Users\MSI\.m2\repository\com\github\java-json-tools\btf\1.3\btf-1.3.jar;C:\Users\MSI\.m2\repository\com\github\java-json-tools\jackson-coreutils\2.0\jackson-coreutils-2.0.jar;C:\Users\MSI\.m2\repository\org\jboss\resteasy\resteasy-jaxb-provider\6.2.7.Final\resteasy-jaxb-provider-6.2.7.Final.jar;C:\Users\MSI\.m2\repository\org\glassfish\jaxb\codemodel\4.0.3\codemodel-4.0.3.jar;C:\Users\MSI\.m2\repository\org\glassfish\jaxb\jaxb-core\4.0.3\jaxb-core-4.0.3.jar;C:\Users\MSI\.m2\repository\org\glassfish\jaxb\jaxb-jxc\4.0.3\jaxb-jxc-4.0.3.jar;C:\Users\MSI\.m2\repository\org\glassfish\jaxb\txw2\4.0.3\txw2-4.0.3.jar;C:\Users\MSI\.m2\repository\org\glassfish\jaxb\jaxb-xjc\4.0.3\jaxb-xjc-4.0.3.jar;C:\Users\MSI\.m2\repository\org\glassfish\jaxb\xsom\4.0.3\xsom-4.0.3.jar;C:\Users\MSI\.m2\repository\com\sun\istack\istack-commons-runtime\4.1.2\istack-commons-runtime-4.1.2.jar;C:\Users\MSI\.m2\repository\com\sun\istack\istack-commons-tools\4.1.2\istack-commons-tools-4.1.2.jar;C:\Users\MSI\.m2\repository\com\sun\xml\bind\external\relaxng-datatype\4.0.3\relaxng-datatype-4.0.3.jar;C:\Users\MSI\.m2\repository\com\sun\xml\bind\external\rngom\4.0.3\rngom-4.0.3.jar;C:\Users\MSI\.m2\repository\org\springframework\boot\spring-boot-starter-oauth2-resource-server\3.1.5\spring-boot-starter-oauth2-resource-server-3.1.5.jar;C:\Users\MSI\.m2\repository\org\springframework\security\spring-security-oauth2-resource-server\6.1.5\spring-security-oauth2-resource-server-6.1.5.jar;C:\Users\MSI\.m2\repository\org\springframework\security\spring-security-oauth2-core\6.1.5\spring-security-oauth2-core-6.1.5.jar;C:\Users\MSI\.m2\repository\org\springframework\security\spring-security-oauth2-jose\6.1.5\spring-security-oauth2-jose-6.1.5.jar;C:\Users\MSI\.m2\repository\com\nimbusds\nimbus-jose-jwt\9.24.4\nimbus-jose-jwt-9.24.4.jar;C:\Users\MSI\.m2\repository\com\github\stephenc\jcip\jcip-annotations\1.0-1\jcip-annotations-1.0-1.jar;C:\Users\MSI\.m2\repository\org\springframework\boot\spring-boot-starter-oauth2-client\3.1.5\spring-boot-starter-oauth2-client-3.1.5.jar;C:\Users\MSI\.m2\repository\org\springframework\security\spring-security-oauth2-client\6.1.5\spring-security-oauth2-client-6.1.5.jar;C:\Users\MSI\.m2\repository\com\nimbusds\oauth2-oidc-sdk\9.43.3\oauth2-oidc-sdk-9.43.3.jar;C:\Users\MSI\.m2\repository\com\nimbusds\content-type\2.2\content-type-2.2.jar;C:\Users\MSI\.m2\repository\com\nimbusds\lang-tag\1.7\lang-tag-1.7.jar;C:\Users\MSI\.m2\repository\org\mockito\mockito-core\5.3.0\mockito-core-5.3.0.jar;C:\Users\MSI\.m2\repository\net\bytebuddy\byte-buddy-agent\1.14.9\byte-buddy-agent-1.14.9.jar;C:\Users\MSI\.m2\repository\org\objenesis\objenesis\3.3\objenesis-3.3.jar;C:\Users\MSI\.m2\repository\org\junit\jupiter\junit-jupiter\5.9.2\junit-jupiter-5.9.2.jar;C:\Users\MSI\.m2\repository\org\junit\jupiter\junit-jupiter-api\5.9.3\junit-jupiter-api-5.9.3.jar;C:\Users\MSI\.m2\repository\org\opentest4j\opentest4j\1.2.0\opentest4j-1.2.0.jar;C:\Users\MSI\.m2\repository\org\junit\platform\junit-platform-commons\1.9.3\junit-platform-commons-1.9.3.jar;C:\Users\MSI\.m2\repository\org\junit\jupiter\junit-jupiter-params\5.9.3\junit-jupiter-params-5.9.3.jar;C:\Users\MSI\.m2\repository\org\junit\jupiter\junit-jupiter-engine\5.9.3\junit-jupiter-engine-5.9.3.jar;C:\Users\MSI\.m2\repository\org\junit\platform\junit-platform-engine\1.9.3\junit-platform-engine-1.9.3.jar;C:\Users\MSI\.m2\repository\org\springframework\boot\spring-boot-starter-websocket\3.1.5\spring-boot-starter-websocket-3.1.5.jar;C:\Users\MSI\.m2\repository\org\springframework\spring-messaging\6.0.13\spring-messaging-6.0.13.jar;C:\Users\MSI\.m2\repository\org\springframework\spring-websocket\6.0.13\spring-websocket-6.0.13.jar;C:\Users\MSI\.m2\repository\org\springframework\boot\spring-boot-starter-validation\3.1.5\spring-boot-starter-validation-3.1.5.jar;C:\Users\MSI\.m2\repository\org\apache\tomcat\embed\tomcat-embed-el\10.1.15\tomcat-embed-el-10.1.15.jar;C:\Users\MSI\.m2\repository\org\hibernate\validator\hibernate-validator\8.0.1.Final\hibernate-validator-8.0.1.Final.jar;C:\Users\MSI\.m2\repository\com\fasterxml\jackson\datatype\jackson-datatype-jsr310\2.15.3\jackson-datatype-jsr310-2.15.3.jar;C:\Users\MSI\.m2\repository\io\opentelemetry\opentelemetry-exporter-logging\1.15.0\opentelemetry-exporter-logging-1.15.0.jar;C:\Users\MSI\.m2\repository\io\opentelemetry\opentelemetry-extension-annotations\1.15.0\opentelemetry-extension-annotations-1.15.0.jar;C:\Users\MSI\.m2\repository\io\github\bonigarcia\webdrivermanager\5.5.3\webdrivermanager-5.5.3.jar;C:\Users\MSI\.m2\repository\com\google\code\gson\gson\2.10.1\gson-2.10.1.jar;C:\Users\MSI\.m2\repository\com\github\docker-java\docker-java\3.3.3\docker-java-3.3.3.jar;C:\Users\MSI\.m2\repository\com\github\docker-java\docker-java-core\3.3.3\docker-java-core-3.3.3.jar;C:\Users\MSI\.m2\repository\com\github\docker-java\docker-java-transport-httpclient5\3.3.3\docker-java-transport-httpclient5-3.3.3.jar;C:\Users\MSI\.m2\repository\com\github\docker-java\docker-java-transport\3.3.3\docker-java-transport-3.3.3.jar;C:\Users\MSI\.m2\repository\net\java\dev\jna\jna\5.12.1\jna-5.12.1.jar;C:\Users\MSI\.m2\repository\org\apache\httpcomponents\client5\httpclient5\5.2.1\httpclient5-5.2.1.jar;C:\Users\MSI\.m2\repository\org\apache\httpcomponents\core5\httpcore5\5.2.3\httpcore5-5.2.3.jar;C:\Users\MSI\.m2\repository\org\apache\httpcomponents\core5\httpcore5-h2\5.2.3\httpcore5-h2-5.2.3.jar;C:\Users\MSI\.m2\repository\com\thoughtworks\xstream\xstream\1.4.20\xstream-1.4.20.jar;C:\Users\MSI\.m2\repository\io\github\x-stream\mxparser\1.2.2\mxparser-1.2.2.jar;C:\Users\MSI\.m2\repository\xmlpull\xmlpull\1.1.3.1\xmlpull-1.1.3.1.jar;C:\Users\MSI\.m2\repository\jakarta\validation\jakarta.validation-api\3.0.2\jakarta.validation-api-3.0.2.jar;"/>
    <property name="java.vm.vendor" value="Oracle Corporation"/>
    <property name="sun.arch.data.model" value="64"/>
    <property name="user.variant" value=""/>
    <property name="java.vendor.url" value="https://java.oracle.com/"/>
    <property name="user.timezone" value="Africa/Casablanca"/>
    <property name="org.jboss.logging.provider" value="slf4j"/>
    <property name="os.name" value="Windows 11"/>
    <property name="java.vm.specification.version" value="17"/>
    <property name="sun.java.launcher" value="SUN_STANDARD"/>
    <property name="user.country" value="US"/>
    <property name="sun.boot.library.path" value="C:\Program Files\Java\jdk-17\bin"/>
    <property name="sun.java.command" value="C:\Users\MSI\AppData\Local\Temp\surefire11208681047790028753\surefirebooter-20241228145814436_3.jar C:\Users\MSI\AppData\Local\Temp\surefire11208681047790028753 2024-12-28T14-58-14_239-jvmRun1 surefire-20241228145814436_1tmp surefire_0-20241228145814436_2tmp"/>
    <property name="jdk.debug" value="release"/>
    <property name="surefire.test.class.path" value="C:\Users\MSI\Desktop\Laboratory_Project\Backend\patient-service\target\test-classes;C:\Users\MSI\Desktop\Laboratory_Project\Backend\patient-service\target\classes;C:\Users\MSI\.m2\repository\org\springframework\boot\spring-boot-starter-data-jpa\3.1.5\spring-boot-starter-data-jpa-3.1.5.jar;C:\Users\MSI\.m2\repository\org\springframework\boot\spring-boot-starter-aop\3.1.5\spring-boot-starter-aop-3.1.5.jar;C:\Users\MSI\.m2\repository\org\aspectj\aspectjweaver\1.9.20\aspectjweaver-1.9.20.jar;C:\Users\MSI\.m2\repository\org\hibernate\orm\hibernate-core\6.2.13.Final\hibernate-core-6.2.13.Final.jar;C:\Users\MSI\.m2\repository\jakarta\persistence\jakarta.persistence-api\3.1.0\jakarta.persistence-api-3.1.0.jar;C:\Users\MSI\.m2\repository\jakarta\transaction\jakarta.transaction-api\2.0.1\jakarta.transaction-api-2.0.1.jar;C:\Users\MSI\.m2\repository\org\jboss\logging\jboss-logging\3.5.3.Final\jboss-logging-3.5.3.Final.jar;C:\Users\MSI\.m2\repository\org\hibernate\common\hibernate-commons-annotations\6.0.6.Final\hibernate-commons-annotations-6.0.6.Final.jar;C:\Users\MSI\.m2\repository\io\smallrye\jandex\3.0.5\jandex-3.0.5.jar;C:\Users\MSI\.m2\repository\com\fasterxml\classmate\1.5.1\classmate-1.5.1.jar;C:\Users\MSI\.m2\repository\org\glassfish\jaxb\jaxb-runtime\4.0.3\jaxb-runtime-4.0.3.jar;C:\Users\MSI\.m2\repository\jakarta\inject\jakarta.inject-api\2.0.1\jakarta.inject-api-2.0.1.jar;C:\Users\MSI\.m2\repository\org\antlr\antlr4-runtime\4.10.1\antlr4-runtime-4.10.1.jar;C:\Users\MSI\.m2\repository\org\springframework\data\spring-data-jpa\3.1.5\spring-data-jpa-3.1.5.jar;C:\Users\MSI\.m2\repository\org\springframework\data\spring-data-commons\3.1.5\spring-data-commons-3.1.5.jar;C:\Users\MSI\.m2\repository\org\springframework\spring-orm\6.0.13\spring-orm-6.0.13.jar;C:\Users\MSI\.m2\repository\org\springframework\spring-context\6.0.13\spring-context-6.0.13.jar;C:\Users\MSI\.m2\repository\org\springframework\spring-tx\6.0.13\spring-tx-6.0.13.jar;C:\Users\MSI\.m2\repository\org\springframework\spring-beans\6.0.13\spring-beans-6.0.13.jar;C:\Users\MSI\.m2\repository\jakarta\annotation\jakarta.annotation-api\2.1.1\jakarta.annotation-api-2.1.1.jar;C:\Users\MSI\.m2\repository\org\springframework\spring-aspects\6.0.13\spring-aspects-6.0.13.jar;C:\Users\MSI\.m2\repository\org\springframework\boot\spring-boot-starter-web\3.1.5\spring-boot-starter-web-3.1.5.jar;C:\Users\MSI\.m2\repository\org\springframework\boot\spring-boot-starter\3.1.5\spring-boot-starter-3.1.5.jar;C:\Users\MSI\.m2\repository\org\springframework\boot\spring-boot\3.1.5\spring-boot-3.1.5.jar;C:\Users\MSI\.m2\repository\org\springframework\boot\spring-boot-starter-logging\3.1.5\spring-boot-starter-logging-3.1.5.jar;C:\Users\MSI\.m2\repository\ch\qos\logback\logback-classic\1.4.11\logback-classic-1.4.11.jar;C:\Users\MSI\.m2\repository\ch\qos\logback\logback-core\1.4.11\logback-core-1.4.11.jar;C:\Users\MSI\.m2\repository\org\apache\logging\log4j\log4j-to-slf4j\2.20.0\log4j-to-slf4j-2.20.0.jar;C:\Users\MSI\.m2\repository\org\slf4j\jul-to-slf4j\2.0.9\jul-to-slf4j-2.0.9.jar;C:\Users\MSI\.m2\repository\org\yaml\snakeyaml\1.33\snakeyaml-1.33.jar;C:\Users\MSI\.m2\repository\org\springframework\boot\spring-boot-starter-json\3.1.5\spring-boot-starter-json-3.1.5.jar;C:\Users\MSI\.m2\repository\com\fasterxml\jackson\datatype\jackson-datatype-jdk8\2.15.3\jackson-datatype-jdk8-2.15.3.jar;C:\Users\MSI\.m2\repository\com\fasterxml\jackson\module\jackson-module-parameter-names\2.15.3\jackson-module-parameter-names-2.15.3.jar;C:\Users\MSI\.m2\repository\org\springframework\boot\spring-boot-starter-tomcat\3.1.5\spring-boot-starter-tomcat-3.1.5.jar;C:\Users\MSI\.m2\repository\org\apache\tomcat\embed\tomcat-embed-core\10.1.15\tomcat-embed-core-10.1.15.jar;C:\Users\MSI\.m2\repository\org\apache\tomcat\embed\tomcat-embed-websocket\10.1.15\tomcat-embed-websocket-10.1.15.jar;C:\Users\MSI\.m2\repository\org\springframework\spring-web\6.0.13\spring-web-6.0.13.jar;C:\Users\MSI\.m2\repository\io\micrometer\micrometer-observation\1.11.5\micrometer-observation-1.11.5.jar;C:\Users\MSI\.m2\repository\io\micrometer\micrometer-commons\1.11.5\micrometer-commons-1.11.5.jar;C:\Users\MSI\.m2\repository\org\springframework\spring-webmvc\6.0.13\spring-webmvc-6.0.13.jar;C:\Users\MSI\.m2\repository\org\springframework\spring-expression\6.0.13\spring-expression-6.0.13.jar;C:\Users\MSI\.m2\repository\org\springframework\boot\spring-boot-starter-jdbc\3.1.5\spring-boot-starter-jdbc-3.1.5.jar;C:\Users\MSI\.m2\repository\com\zaxxer\HikariCP\5.0.1\HikariCP-5.0.1.jar;C:\Users\MSI\.m2\repository\org\springframework\spring-jdbc\6.0.13\spring-jdbc-6.0.13.jar;C:\Users\MSI\.m2\repository\org\postgresql\postgresql\42.6.0\postgresql-42.6.0.jar;C:\Users\MSI\.m2\repository\org\checkerframework\checker-qual\3.31.0\checker-qual-3.31.0.jar;C:\Users\MSI\.m2\repository\org\springframework\cloud\spring-cloud-starter-netflix-eureka-client\4.0.3\spring-cloud-starter-netflix-eureka-client-4.0.3.jar;C:\Users\MSI\.m2\repository\org\springframework\cloud\spring-cloud-starter\4.0.4\spring-cloud-starter-4.0.4.jar;C:\Users\MSI\.m2\repository\org\springframework\security\spring-security-rsa\1.0.12.RELEASE\spring-security-rsa-1.0.12.RELEASE.jar;C:\Users\MSI\.m2\repository\org\bouncycastle\bcpkix-jdk18on\1.73\bcpkix-jdk18on-1.73.jar;C:\Users\MSI\.m2\repository\org\bouncycastle\bcutil-jdk18on\1.73\bcutil-jdk18on-1.73.jar;C:\Users\MSI\.m2\repository\org\springframework\cloud\spring-cloud-netflix-eureka-client\4.0.3\spring-cloud-netflix-eureka-client-4.0.3.jar;C:\Users\MSI\.m2\repository\com\netflix\eureka\eureka-client\2.0.1\eureka-client-2.0.1.jar;C:\Users\MSI\.m2\repository\com\netflix\netflix-commons\netflix-eventbus\0.3.0\netflix-eventbus-0.3.0.jar;C:\Users\MSI\.m2\repository\com\netflix\netflix-commons\netflix-infix\0.3.0\netflix-infix-0.3.0.jar;C:\Users\MSI\.m2\repository\commons-jxpath\commons-jxpath\1.3\commons-jxpath-1.3.jar;C:\Users\MSI\.m2\repository\joda-time\joda-time\2.3\joda-time-2.3.jar;C:\Users\MSI\.m2\repository\org\antlr\antlr-runtime\3.4\antlr-runtime-3.4.jar;C:\Users\MSI\.m2\repository\org\antlr\stringtemplate\3.2.1\stringtemplate-3.2.1.jar;C:\Users\MSI\.m2\repository\antlr\antlr\2.7.7\antlr-2.7.7.jar;C:\Users\MSI\.m2\repository\org\apache\commons\commons-math\2.2\commons-math-2.2.jar;C:\Users\MSI\.m2\repository\jakarta\ws\rs\jakarta.ws.rs-api\3.1.0\jakarta.ws.rs-api-3.1.0.jar;C:\Users\MSI\.m2\repository\com\netflix\servo\servo-core\0.12.21\servo-core-0.12.21.jar;C:\Users\MSI\.m2\repository\org\apache\httpcomponents\httpclient\4.5.3\httpclient-4.5.3.jar;C:\Users\MSI\.m2\repository\commons-configuration\commons-configuration\1.10\commons-configuration-1.10.jar;C:\Users\MSI\.m2\repository\commons-lang\commons-lang\2.6\commons-lang-2.6.jar;C:\Users\MSI\.m2\repository\org\codehaus\jettison\jettison\1.4.0\jettison-1.4.0.jar;C:\Users\MSI\.m2\repository\com\netflix\eureka\eureka-core\2.0.1\eureka-core-2.0.1.jar;C:\Users\MSI\.m2\repository\jakarta\servlet\jakarta.servlet-api\6.0.0\jakarta.servlet-api-6.0.0.jar;C:\Users\MSI\.m2\repository\com\fasterxml\woodstox\woodstox-core\6.2.1\woodstox-core-6.2.1.jar;C:\Users\MSI\.m2\repository\org\codehaus\woodstox\stax2-api\4.2.1\stax2-api-4.2.1.jar;C:\Users\MSI\.m2\repository\org\springframework\cloud\spring-cloud-starter-loadbalancer\4.0.4\spring-cloud-starter-loadbalancer-4.0.4.jar;C:\Users\MSI\.m2\repository\org\springframework\cloud\spring-cloud-loadbalancer\4.0.4\spring-cloud-loadbalancer-4.0.4.jar;C:\Users\MSI\.m2\repository\io\projectreactor\reactor-core\3.5.11\reactor-core-3.5.11.jar;C:\Users\MSI\.m2\repository\io\projectreactor\addons\reactor-extra\3.5.1\reactor-extra-3.5.1.jar;C:\Users\MSI\.m2\repository\org\springframework\boot\spring-boot-starter-cache\3.1.5\spring-boot-starter-cache-3.1.5.jar;C:\Users\MSI\.m2\repository\org\springframework\spring-context-support\6.0.13\spring-context-support-6.0.13.jar;C:\Users\MSI\.m2\repository\com\stoyanr\evictor\1.0.0\evictor-1.0.0.jar;C:\Users\MSI\.m2\repository\org\springframework\cloud\spring-cloud-starter-openfeign\4.0.4\spring-cloud-starter-openfeign-4.0.4.jar;C:\Users\MSI\.m2\repository\org\springframework\cloud\spring-cloud-openfeign-core\4.0.4\spring-cloud-openfeign-core-4.0.4.jar;C:\Users\MSI\.m2\repository\io\github\openfeign\form\feign-form-spring\3.8.0\feign-form-spring-3.8.0.jar;C:\Users\MSI\.m2\repository\io\github\openfeign\form\feign-form\3.8.0\feign-form-3.8.0.jar;C:\Users\MSI\.m2\repository\commons-fileupload\commons-fileupload\1.5\commons-fileupload-1.5.jar;C:\Users\MSI\.m2\repository\org\springframework\cloud\spring-cloud-commons\4.0.4\spring-cloud-commons-4.0.4.jar;C:\Users\MSI\.m2\repository\io\github\openfeign\feign-core\12.4\feign-core-12.4.jar;C:\Users\MSI\.m2\repository\io\github\openfeign\feign-slf4j\12.4\feign-slf4j-12.4.jar;C:\Users\MSI\.m2\repository\org\springframework\cloud\spring-cloud-context\4.0.4\spring-cloud-context-4.0.4.jar;C:\Users\MSI\.m2\repository\org\springframework\security\spring-security-crypto\6.1.5\spring-security-crypto-6.1.5.jar;C:\Users\MSI\.m2\repository\org\springframework\boot\spring-boot-starter-test\3.1.5\spring-boot-starter-test-3.1.5.jar;C:\Users\MSI\.m2\repository\org\springframework\boot\spring-boot-test\3.1.5\spring-boot-test-3.1.5.jar;C:\Users\MSI\.m2\repository\org\springframework\boot\spring-boot-test-autoconfigure\3.1.5\spring-boot-test-autoconfigure-3.1.5.jar;C:\Users\MSI\.m2\repository\com\jayway\jsonpath\json-path\2.8.0\json-path-2.8.0.jar;C:\Users\MSI\.m2\repository\jakarta\xml\bind\jakarta.xml.bind-api\4.0.1\jakarta.xml.bind-api-4.0.1.jar;C:\Users\MSI\.m2\repository\jakarta\activation\jakarta.activation-api\2.1.2\jakarta.activation-api-2.1.2.jar;C:\Users\MSI\.m2\repository\net\minidev\json-smart\2.4.11\json-smart-2.4.11.jar;C:\Users\MSI\.m2\repository\net\minidev\accessors-smart\2.4.11\accessors-smart-2.4.11.jar;C:\Users\MSI\.m2\repository\org\assertj\assertj-core\3.24.2\assertj-core-3.24.2.jar;C:\Users\MSI\.m2\repository\org\hamcrest\hamcrest\2.2\hamcrest-2.2.jar;C:\Users\MSI\.m2\repository\org\mockito\mockito-junit-jupiter\5.3.1\mockito-junit-jupiter-5.3.1.jar;C:\Users\MSI\.m2\repository\org\skyscreamer\jsonassert\1.5.1\jsonassert-1.5.1.jar;C:\Users\MSI\.m2\repository\com\vaadin\external\google\android-json\0.0.20131108.vaadin1\android-json-0.0.20131108.vaadin1.jar;C:\Users\MSI\.m2\repository\org\springframework\spring-core\6.0.13\spring-core-6.0.13.jar;C:\Users\MSI\.m2\repository\org\springframework\spring-jcl\6.0.13\spring-jcl-6.0.13.jar;C:\Users\MSI\.m2\repository\org\springframework\spring-test\6.0.13\spring-test-6.0.13.jar;C:\Users\MSI\.m2\repository\org\xmlunit\xmlunit-core\2.9.1\xmlunit-core-2.9.1.jar;C:\Users\MSI\.m2\repository\org\springframework\boot\spring-boot-testcontainers\3.1.5\spring-boot-testcontainers-3.1.5.jar;C:\Users\MSI\.m2\repository\org\springframework\boot\spring-boot-autoconfigure\3.1.5\spring-boot-autoconfigure-3.1.5.jar;C:\Users\MSI\.m2\repository\org\testcontainers\testcontainers\1.18.3\testcontainers-1.18.3.jar;C:\Users\MSI\.m2\repository\junit\junit\4.13.2\junit-4.13.2.jar;C:\Users\MSI\.m2\repository\org\hamcrest\hamcrest-core\2.2\hamcrest-core-2.2.jar;C:\Users\MSI\.m2\repository\org\apache\commons\commons-compress\1.23.0\commons-compress-1.23.0.jar;C:\Users\MSI\.m2\repository\org\rnorth\duct-tape\duct-tape\1.0.8\duct-tape-1.0.8.jar;C:\Users\MSI\.m2\repository\com\github\docker-java\docker-java-api\3.3.0\docker-java-api-3.3.0.jar;C:\Users\MSI\.m2\repository\com\github\docker-java\docker-java-transport-zerodep\3.3.0\docker-java-transport-zerodep-3.3.0.jar;C:\Users\MSI\.m2\repository\org\testcontainers\junit-jupiter\1.18.3\junit-jupiter-1.18.3.jar;C:\Users\MSI\.m2\repository\org\testcontainers\postgresql\1.18.3\postgresql-1.18.3.jar;C:\Users\MSI\.m2\repository\org\testcontainers\jdbc\1.18.3\jdbc-1.18.3.jar;C:\Users\MSI\.m2\repository\org\testcontainers\database-commons\1.18.3\database-commons-1.18.3.jar;C:\Users\MSI\.m2\repository\org\seleniumhq\selenium\selenium-remote-driver\4.8.3\selenium-remote-driver-4.8.3.jar;C:\Users\MSI\.m2\repository\com\beust\jcommander\1.82\jcommander-1.82.jar;C:\Users\MSI\.m2\repository\com\google\auto\service\auto-service-annotations\1.0.1\auto-service-annotations-1.0.1.jar;C:\Users\MSI\.m2\repository\com\google\auto\service\auto-service\1.0.1\auto-service-1.0.1.jar;C:\Users\MSI\.m2\repository\com\google\auto\auto-common\1.2\auto-common-1.2.jar;C:\Users\MSI\.m2\repository\com\google\guava\guava\31.1-jre\guava-31.1-jre.jar;C:\Users\MSI\.m2\repository\com\google\guava\failureaccess\1.0.1\failureaccess-1.0.1.jar;C:\Users\MSI\.m2\repository\com\google\guava\listenablefuture\9999.0-empty-to-avoid-conflict-with-guava\listenablefuture-9999.0-empty-to-avoid-conflict-with-guava.jar;C:\Users\MSI\.m2\repository\com\google\code\findbugs\jsr305\3.0.2\jsr305-3.0.2.jar;C:\Users\MSI\.m2\repository\com\google\errorprone\error_prone_annotations\2.11.0\error_prone_annotations-2.11.0.jar;C:\Users\MSI\.m2\repository\com\google\j2objc\j2objc-annotations\1.3\j2objc-annotations-1.3.jar;C:\Users\MSI\.m2\repository\io\netty\netty-buffer\4.1.100.Final\netty-buffer-4.1.100.Final.jar;C:\Users\MSI\.m2\repository\io\netty\netty-codec-http\4.1.100.Final\netty-codec-http-4.1.100.Final.jar;C:\Users\MSI\.m2\repository\io\netty\netty-codec\4.1.100.Final\netty-codec-4.1.100.Final.jar;C:\Users\MSI\.m2\repository\io\netty\netty-handler\4.1.100.Final\netty-handler-4.1.100.Final.jar;C:\Users\MSI\.m2\repository\io\netty\netty-common\4.1.100.Final\netty-common-4.1.100.Final.jar;C:\Users\MSI\.m2\repository\io\netty\netty-transport-classes-epoll\4.1.100.Final\netty-transport-classes-epoll-4.1.100.Final.jar;C:\Users\MSI\.m2\repository\io\netty\netty-transport-classes-kqueue\4.1.100.Final\netty-transport-classes-kqueue-4.1.100.Final.jar;C:\Users\MSI\.m2\repository\io\netty\netty-transport-native-epoll\4.1.100.Final\netty-transport-native-epoll-4.1.100.Final.jar;C:\Users\MSI\.m2\repository\io\netty\netty-transport-native-kqueue\4.1.100.Final\netty-transport-native-kqueue-4.1.100.Final.jar;C:\Users\MSI\.m2\repository\io\netty\netty-transport-native-unix-common\4.1.100.Final\netty-transport-native-unix-common-4.1.100.Final.jar;C:\Users\MSI\.m2\repository\io\netty\netty-transport\4.1.100.Final\netty-transport-4.1.100.Final.jar;C:\Users\MSI\.m2\repository\io\netty\netty-resolver\4.1.100.Final\netty-resolver-4.1.100.Final.jar;C:\Users\MSI\.m2\repository\io\opentelemetry\opentelemetry-context\1.25.0\opentelemetry-context-1.25.0.jar;C:\Users\MSI\.m2\repository\io\opentelemetry\opentelemetry-sdk-common\1.25.0\opentelemetry-sdk-common-1.25.0.jar;C:\Users\MSI\.m2\repository\io\opentelemetry\opentelemetry-sdk-extension-autoconfigure-spi\1.25.0\opentelemetry-sdk-extension-autoconfigure-spi-1.25.0.jar;C:\Users\MSI\.m2\repository\io\opentelemetry\opentelemetry-sdk-extension-autoconfigure\1.24.0-alpha\opentelemetry-sdk-extension-autoconfigure-1.24.0-alpha.jar;C:\Users\MSI\.m2\repository\io\opentelemetry\opentelemetry-sdk-trace\1.25.0\opentelemetry-sdk-trace-1.25.0.jar;C:\Users\MSI\.m2\repository\io\opentelemetry\opentelemetry-semconv\1.24.0-alpha\opentelemetry-semconv-1.24.0-alpha.jar;C:\Users\MSI\.m2\repository\io\ous\jtoml\2.0.0\jtoml-2.0.0.jar;C:\Users\MSI\.m2\repository\net\bytebuddy\byte-buddy\1.14.9\byte-buddy-1.14.9.jar;C:\Users\MSI\.m2\repository\org\apache\commons\commons-exec\1.3\commons-exec-1.3.jar;C:\Users\MSI\.m2\repository\org\asynchttpclient\async-http-client\2.12.3\async-http-client-2.12.3.jar;C:\Users\MSI\.m2\repository\org\asynchttpclient\async-http-client-netty-utils\2.12.3\async-http-client-netty-utils-2.12.3.jar;C:\Users\MSI\.m2\repository\io\netty\netty-codec-socks\4.1.100.Final\netty-codec-socks-4.1.100.Final.jar;C:\Users\MSI\.m2\repository\io\netty\netty-handler-proxy\4.1.100.Final\netty-handler-proxy-4.1.100.Final.jar;C:\Users\MSI\.m2\repository\io\netty\netty-transport-native-epoll\4.1.100.Final\netty-transport-native-epoll-4.1.100.Final-linux-x86_64.jar;C:\Users\MSI\.m2\repository\io\netty\netty-transport-native-kqueue\4.1.100.Final\netty-transport-native-kqueue-4.1.100.Final-osx-x86_64.jar;C:\Users\MSI\.m2\repository\org\reactivestreams\reactive-streams\1.0.4\reactive-streams-1.0.4.jar;C:\Users\MSI\.m2\repository\com\typesafe\netty\netty-reactive-streams\2.0.4\netty-reactive-streams-2.0.4.jar;C:\Users\MSI\.m2\repository\com\sun\activation\jakarta.activation\1.2.2\jakarta.activation-1.2.2.jar;C:\Users\MSI\.m2\repository\org\seleniumhq\selenium\selenium-api\4.8.3\selenium-api-4.8.3.jar;C:\Users\MSI\.m2\repository\org\seleniumhq\selenium\selenium-http\4.8.3\selenium-http-4.8.3.jar;C:\Users\MSI\.m2\repository\dev\failsafe\failsafe\3.3.1\failsafe-3.3.1.jar;C:\Users\MSI\.m2\repository\org\seleniumhq\selenium\selenium-json\4.8.3\selenium-json-4.8.3.jar;C:\Users\MSI\.m2\repository\org\seleniumhq\selenium\selenium-manager\4.8.3\selenium-manager-4.8.3.jar;C:\Users\MSI\.m2\repository\org\seleniumhq\selenium\selenium-chrome-driver\4.11.0\selenium-chrome-driver-4.11.0.jar;C:\Users\MSI\.m2\repository\org\seleniumhq\selenium\selenium-chromium-driver\4.8.3\selenium-chromium-driver-4.8.3.jar;C:\Users\MSI\.m2\repository\org\seleniumhq\selenium\selenium-java\4.8.3\selenium-java-4.8.3.jar;C:\Users\MSI\.m2\repository\org\seleniumhq\selenium\selenium-devtools-v109\4.8.3\selenium-devtools-v109-4.8.3.jar;C:\Users\MSI\.m2\repository\org\seleniumhq\selenium\selenium-devtools-v110\4.8.3\selenium-devtools-v110-4.8.3.jar;C:\Users\MSI\.m2\repository\org\seleniumhq\selenium\selenium-devtools-v111\4.8.3\selenium-devtools-v111-4.8.3.jar;C:\Users\MSI\.m2\repository\org\seleniumhq\selenium\selenium-devtools-v85\4.8.3\selenium-devtools-v85-4.8.3.jar;C:\Users\MSI\.m2\repository\org\seleniumhq\selenium\selenium-edge-driver\4.8.3\selenium-edge-driver-4.8.3.jar;C:\Users\MSI\.m2\repository\org\seleniumhq\selenium\selenium-firefox-driver\4.8.3\selenium-firefox-driver-4.8.3.jar;C:\Users\MSI\.m2\repository\org\seleniumhq\selenium\selenium-ie-driver\4.8.3\selenium-ie-driver-4.8.3.jar;C:\Users\MSI\.m2\repository\org\seleniumhq\selenium\selenium-safari-driver\4.8.3\selenium-safari-driver-4.8.3.jar;C:\Users\MSI\.m2\repository\org\seleniumhq\selenium\selenium-support\4.8.3\selenium-support-4.8.3.jar;C:\Users\MSI\.m2\repository\io\opentelemetry\opentelemetry-api\1.15.0\opentelemetry-api-1.15.0.jar;C:\Users\MSI\.m2\repository\io\opentelemetry\opentelemetry-sdk\1.15.0\opentelemetry-sdk-1.15.0.jar;C:\Users\MSI\.m2\repository\io\opentelemetry\opentelemetry-sdk-metrics\1.25.0\opentelemetry-sdk-metrics-1.25.0.jar;C:\Users\MSI\.m2\repository\io\opentelemetry\opentelemetry-sdk-logs\1.15.0-alpha\opentelemetry-sdk-logs-1.15.0-alpha.jar;C:\Users\MSI\.m2\repository\org\apache\jmeter\ApacheJMeter_core\5.5\ApacheJMeter_core-5.5.jar;C:\Users\MSI\.m2\repository\org\apache\jmeter\ApacheJMeter\5.5\ApacheJMeter-5.5.jar;C:\Users\MSI\.m2\repository\org\apache\jmeter\jorphan\5.5\jorphan-5.5.jar;C:\Users\MSI\.m2\repository\bsf\bsf\2.4.0\bsf-2.4.0.jar;C:\Users\MSI\.m2\repository\commons-logging\commons-logging\1.0.4\commons-logging-1.0.4.jar;C:\Users\MSI\.m2\repository\com\fifesoft\rsyntaxtextarea\3.2.0\rsyntaxtextarea-3.2.0.jar;C:\Users\MSI\.m2\repository\net\sf\jtidy\jtidy\r938\jtidy-r938.jar;C:\Users\MSI\.m2\repository\org\apache\logging\log4j\log4j-1.2-api\2.20.0\log4j-1.2-api-2.20.0.jar;C:\Users\MSI\.m2\repository\org\apache\logging\log4j\log4j-api\2.20.0\log4j-api-2.20.0.jar;C:\Users\MSI\.m2\repository\org\apache\logging\log4j\log4j-core\2.20.0\log4j-core-2.20.0.jar;C:\Users\MSI\.m2\repository\org\apache\logging\log4j\log4j-slf4j-impl\2.20.0\log4j-slf4j-impl-2.20.0.jar;C:\Users\MSI\.m2\repository\org\apiguardian\apiguardian-api\1.1.2\apiguardian-api-1.1.2.jar;C:\Users\MSI\.m2\repository\oro\oro\2.0.8\oro-2.0.8.jar;C:\Users\MSI\.m2\repository\xalan\xalan\2.7.2\xalan-2.7.2.jar;C:\Users\MSI\.m2\repository\xalan\serializer\2.7.2\serializer-2.7.2.jar;C:\Users\MSI\.m2\repository\net\sf\saxon\Saxon-HE\11.3\Saxon-HE-11.3.jar;C:\Users\MSI\.m2\repository\org\xmlresolver\xmlresolver\4.2.0\xmlresolver-4.2.0.jar;C:\Users\MSI\.m2\repository\org\xmlresolver\xmlresolver\4.2.0\xmlresolver-4.2.0-data.jar;C:\Users\MSI\.m2\repository\org\jetbrains\kotlin\kotlin-stdlib-jdk8\1.8.22\kotlin-stdlib-jdk8-1.8.22.jar;C:\Users\MSI\.m2\repository\org\jetbrains\kotlin\kotlin-stdlib\1.8.22\kotlin-stdlib-1.8.22.jar;C:\Users\MSI\.m2\repository\org\jetbrains\kotlin\kotlin-stdlib-jdk7\1.8.22\kotlin-stdlib-jdk7-1.8.22.jar;C:\Users\MSI\.m2\repository\org\jetbrains\kotlinx\kotlinx-coroutines-core\1.6.4\kotlinx-coroutines-core-1.6.4.jar;C:\Users\MSI\.m2\repository\org\jetbrains\kotlinx\kotlinx-coroutines-core-jvm\1.6.4\kotlinx-coroutines-core-jvm-1.6.4.jar;C:\Users\MSI\.m2\repository\org\jetbrains\kotlinx\kotlinx-coroutines-swing\1.6.4\kotlinx-coroutines-swing-1.6.4.jar;C:\Users\MSI\.m2\repository\com\fasterxml\jackson\core\jackson-annotations\2.15.3\jackson-annotations-2.15.3.jar;C:\Users\MSI\.m2\repository\com\fasterxml\jackson\core\jackson-core\2.15.3\jackson-core-2.15.3.jar;C:\Users\MSI\.m2\repository\com\fasterxml\jackson\core\jackson-databind\2.15.3\jackson-databind-2.15.3.jar;C:\Users\MSI\.m2\repository\com\formdev\svgSalamander\1.1.2.4\svgSalamander-1.1.2.4.jar;C:\Users\MSI\.m2\repository\com\github\ben-manes\caffeine\caffeine\3.1.8\caffeine-3.1.8.jar;C:\Users\MSI\.m2\repository\com\github\weisj\darklaf-core\2.7.3\darklaf-core-2.7.3.jar;C:\Users\MSI\.m2\repository\com\github\weisj\darklaf-utils\2.7.3\darklaf-utils-2.7.3.jar;C:\Users\MSI\.m2\repository\com\github\weisj\darklaf-native-utils\2.7.3\darklaf-native-utils-2.7.3.jar;C:\Users\MSI\.m2\repository\com\github\weisj\darklaf-platform-base\2.7.3\darklaf-platform-base-2.7.3.jar;C:\Users\MSI\.m2\repository\com\github\weisj\darklaf-windows\2.7.3\darklaf-windows-2.7.3.jar;C:\Users\MSI\.m2\repository\com\github\weisj\darklaf-macos\2.7.3\darklaf-macos-2.7.3.jar;C:\Users\MSI\.m2\repository\com\github\weisj\swing-extensions-laf-support\0.1.3\swing-extensions-laf-support-0.1.3.jar;C:\Users\MSI\.m2\repository\com\github\weisj\darklaf-theme\2.7.3\darklaf-theme-2.7.3.jar;C:\Users\MSI\.m2\repository\com\github\weisj\darklaf-property-loader\2.7.3\darklaf-property-loader-2.7.3.jar;C:\Users\MSI\.m2\repository\com\github\weisj\swing-extensions-visual-padding\0.1.3\swing-extensions-visual-padding-0.1.3.jar;C:\Users\MSI\.m2\repository\org\jetbrains\annotations\16.0.2\annotations-16.0.2.jar;C:\Users\MSI\.m2\repository\com\github\weisj\darklaf-extensions-rsyntaxarea\0.3.4\darklaf-extensions-rsyntaxarea-0.3.4.jar;C:\Users\MSI\.m2\repository\com\miglayout\miglayout-swing\5.3\miglayout-swing-5.3.jar;C:\Users\MSI\.m2\repository\com\miglayout\miglayout-core\5.3\miglayout-core-5.3.jar;C:\Users\MSI\.m2\repository\commons-codec\commons-codec\1.15\commons-codec-1.15.jar;C:\Users\MSI\.m2\repository\commons-collections\commons-collections\3.2.2\commons-collections-3.2.2.jar;C:\Users\MSI\.m2\repository\org\jetbrains\lets-plot\lets-plot-batik\2.2.1\lets-plot-batik-2.2.1.jar;C:\Users\MSI\.m2\repository\org\apache\xmlgraphics\batik-codec\1.14\batik-codec-1.14.jar;C:\Users\MSI\.m2\repository\org\apache\xmlgraphics\batik-awt-util\1.14\batik-awt-util-1.14.jar;C:\Users\MSI\.m2\repository\org\apache\xmlgraphics\batik-bridge\1.14\batik-bridge-1.14.jar;C:\Users\MSI\.m2\repository\org\apache\xmlgraphics\batik-anim\1.14\batik-anim-1.14.jar;C:\Users\MSI\.m2\repository\org\apache\xmlgraphics\batik-ext\1.14\batik-ext-1.14.jar;C:\Users\MSI\.m2\repository\org\apache\xmlgraphics\batik-css\1.14\batik-css-1.14.jar;C:\Users\MSI\.m2\repository\org\apache\xmlgraphics\batik-dom\1.14\batik-dom-1.14.jar;C:\Users\MSI\.m2\repository\org\apache\xmlgraphics\batik-gvt\1.14\batik-gvt-1.14.jar;C:\Users\MSI\.m2\repository\org\apache\xmlgraphics\batik-parser\1.14\batik-parser-1.14.jar;C:\Users\MSI\.m2\repository\org\apache\xmlgraphics\batik-script\1.14\batik-script-1.14.jar;C:\Users\MSI\.m2\repository\org\apache\xmlgraphics\batik-svg-dom\1.14\batik-svg-dom-1.14.jar;C:\Users\MSI\.m2\repository\org\apache\xmlgraphics\batik-xml\1.14\batik-xml-1.14.jar;C:\Users\MSI\.m2\repository\xml-apis\xml-apis-ext\1.3.04\xml-apis-ext-1.3.04.jar;C:\Users\MSI\.m2\repository\org\apache\xmlgraphics\batik-shared-resources\1.14\batik-shared-resources-1.14.jar;C:\Users\MSI\.m2\repository\org\apache\xmlgraphics\batik-transcoder\1.14\batik-transcoder-1.14.jar;C:\Users\MSI\.m2\repository\org\apache\xmlgraphics\batik-svggen\1.14\batik-svggen-1.14.jar;C:\Users\MSI\.m2\repository\org\apache\xmlgraphics\batik-util\1.14\batik-util-1.14.jar;C:\Users\MSI\.m2\repository\org\apache\xmlgraphics\batik-constants\1.14\batik-constants-1.14.jar;C:\Users\MSI\.m2\repository\org\apache\xmlgraphics\batik-i18n\1.14\batik-i18n-1.14.jar;C:\Users\MSI\.m2\repository\org\jetbrains\lets-plot\lets-plot-common\2.2.1\lets-plot-common-2.2.1.jar;C:\Users\MSI\.m2\repository\io\github\microutils\kotlin-logging\2.0.5\kotlin-logging-2.0.5.jar;C:\Users\MSI\.m2\repository\org\jetbrains\kotlinx\kotlinx-html-jvm\0.7.3\kotlinx-html-jvm-0.7.3.jar;C:\Users\MSI\.m2\repository\org\jetbrains\lets-plot\lets-plot-kotlin-jvm\3.1.1\lets-plot-kotlin-jvm-3.1.1.jar;C:\Users\MSI\.m2\repository\org\jetbrains\lets-plot\base-portable-jvm\2.2.1\base-portable-jvm-2.2.1.jar;C:\Users\MSI\.m2\repository\org\jetbrains\lets-plot\plot-base-portable-jvm\2.2.1\plot-base-portable-jvm-2.2.1.jar;C:\Users\MSI\.m2\repository\org\jetbrains\lets-plot\vis-svg-portable-jvm\2.2.1\vis-svg-portable-jvm-2.2.1.jar;C:\Users\MSI\.m2\repository\org\jetbrains\lets-plot\plot-common-portable-jvm\2.2.1\plot-common-portable-jvm-2.2.1.jar;C:\Users\MSI\.m2\repository\org\jetbrains\lets-plot\plot-builder-portable-jvm\2.2.1\plot-builder-portable-jvm-2.2.1.jar;C:\Users\MSI\.m2\repository\org\jetbrains\lets-plot\plot-config-portable-jvm\2.2.1\plot-config-portable-jvm-2.2.1.jar;C:\Users\MSI\.m2\repository\org\jetbrains\kotlin\kotlin-stdlib-common\1.8.22\kotlin-stdlib-common-1.8.22.jar;C:\Users\MSI\.m2\repository\io\github\microutils\kotlin-logging-jvm\2.0.5\kotlin-logging-jvm-2.0.5.jar;C:\Users\MSI\.m2\repository\org\apache\commons\commons-collections4\4.4\commons-collections4-4.4.jar;C:\Users\MSI\.m2\repository\org\apache\commons\commons-math3\3.6.1\commons-math3-3.6.1.jar;C:\Users\MSI\.m2\repository\org\apache\commons\commons-text\1.9\commons-text-1.9.jar;C:\Users\MSI\.m2\repository\org\apache\tika\tika-core\1.28.3\tika-core-1.28.3.jar;C:\Users\MSI\.m2\repository\org\apache\xmlgraphics\xmlgraphics-commons\2.7\xmlgraphics-commons-2.7.jar;C:\Users\MSI\.m2\repository\org\freemarker\freemarker\2.3.32\freemarker-2.3.32.jar;C:\Users\MSI\.m2\repository\org\jodd\jodd-core\5.0.13\jodd-core-5.0.13.jar;C:\Users\MSI\.m2\repository\org\jodd\jodd-props\5.0.13\jodd-props-5.0.13.jar;C:\Users\MSI\.m2\repository\org\mozilla\rhino\1.7.14\rhino-1.7.14.jar;C:\Users\MSI\.m2\repository\org\slf4j\jcl-over-slf4j\2.0.9\jcl-over-slf4j-2.0.9.jar;C:\Users\MSI\.m2\repository\org\codehaus\groovy\groovy\3.0.11\groovy-3.0.11.jar;C:\Users\MSI\.m2\repository\org\codehaus\groovy\groovy-dateutil\3.0.11\groovy-dateutil-3.0.11.jar;C:\Users\MSI\.m2\repository\org\codehaus\groovy\groovy-datetime\3.0.11\groovy-datetime-3.0.11.jar;C:\Users\MSI\.m2\repository\org\codehaus\groovy\groovy-jmx\3.0.11\groovy-jmx-3.0.11.jar;C:\Users\MSI\.m2\repository\org\codehaus\groovy\groovy-json\3.0.11\groovy-json-3.0.11.jar;C:\Users\MSI\.m2\repository\org\codehaus\groovy\groovy-jsr223\3.0.11\groovy-jsr223-3.0.11.jar;C:\Users\MSI\.m2\repository\org\codehaus\groovy\groovy-sql\3.0.11\groovy-sql-3.0.11.jar;C:\Users\MSI\.m2\repository\org\codehaus\groovy\groovy-templates\3.0.11\groovy-templates-3.0.11.jar;C:\Users\MSI\.m2\repository\org\codehaus\groovy\groovy-xml\3.0.11\groovy-xml-3.0.11.jar;C:\Users\MSI\.m2\repository\org\apache\tika\tika-parsers\1.28.3\tika-parsers-1.28.3.jar;C:\Users\MSI\.m2\repository\xerces\xercesImpl\2.12.2\xercesImpl-2.12.2.jar;C:\Users\MSI\.m2\repository\xml-apis\xml-apis\1.4.01\xml-apis-1.4.01.jar;C:\Users\MSI\.m2\repository\org\apache\jmeter\ApacheJMeter_http\5.5\ApacheJMeter_http-5.5.jar;C:\Users\MSI\.m2\repository\org\apache\jmeter\ApacheJMeter_components\5.5\ApacheJMeter_components-5.5.jar;C:\Users\MSI\.m2\repository\org\apache-extras\beanshell\bsh\2.0b6\bsh-2.0b6.jar;C:\Users\MSI\.m2\repository\javax\mail\mail\1.5.0-b01\mail-1.5.0-b01.jar;C:\Users\MSI\.m2\repository\io\burt\jmespath-core\0.5.1\jmespath-core-0.5.1.jar;C:\Users\MSI\.m2\repository\io\burt\jmespath-jackson\0.5.1\jmespath-jackson-0.5.1.jar;C:\Users\MSI\.m2\repository\jcharts\jcharts\0.7.5\jcharts-0.7.5.jar;C:\Users\MSI\.m2\repository\org\apache\commons\commons-pool2\2.11.1\commons-pool2-2.11.1.jar;C:\Users\MSI\.m2\repository\org\ow2\asm\asm\9.3\asm-9.3.jar;C:\Users\MSI\.m2\repository\org\jodd\jodd-log\5.0.13\jodd-log-5.0.13.jar;C:\Users\MSI\.m2\repository\org\apache\httpcomponents\httpasyncclient\4.1.5\httpasyncclient-4.1.5.jar;C:\Users\MSI\.m2\repository\org\apache\httpcomponents\httpcore-nio\4.4.16\httpcore-nio-4.4.16.jar;C:\Users\MSI\.m2\repository\com\sun\activation\javax.activation\1.2.0\javax.activation-1.2.0.jar;C:\Users\MSI\.m2\repository\commons-io\commons-io\2.11.0\commons-io-2.11.0.jar;C:\Users\MSI\.m2\repository\org\apache\commons\commons-lang3\3.12.0\commons-lang3-3.12.0.jar;C:\Users\MSI\.m2\repository\org\jodd\jodd-lagarto\5.0.13\jodd-lagarto-5.0.13.jar;C:\Users\MSI\.m2\repository\org\jsoup\jsoup\1.15.1\jsoup-1.15.1.jar;C:\Users\MSI\.m2\repository\commons-net\commons-net\3.8.0\commons-net-3.8.0.jar;C:\Users\MSI\.m2\repository\com\helger\commons\ph-commons\10.1.6\ph-commons-10.1.6.jar;C:\Users\MSI\.m2\repository\com\helger\ph-css\6.5.0\ph-css-6.5.0.jar;C:\Users\MSI\.m2\repository\dnsjava\dnsjava\2.1.9\dnsjava-2.1.9.jar;C:\Users\MSI\.m2\repository\org\apache\httpcomponents\httpmime\4.5.13\httpmime-4.5.13.jar;C:\Users\MSI\.m2\repository\org\apache\httpcomponents\httpcore\4.4.16\httpcore-4.4.16.jar;C:\Users\MSI\.m2\repository\org\brotli\dec\0.1.2\dec-0.1.2.jar;C:\Users\MSI\.m2\repository\kg\apc\jmeter-plugins-standard\1.4.0\jmeter-plugins-standard-1.4.0.jar;C:\Users\MSI\.m2\repository\kg\apc\cmdrunner\1.0.2\cmdrunner-1.0.2.jar;C:\Users\MSI\.m2\repository\org\thymeleaf\extras\thymeleaf-extras-springsecurity6\3.1.2.RELEASE\thymeleaf-extras-springsecurity6-3.1.2.RELEASE.jar;C:\Users\MSI\.m2\repository\org\thymeleaf\thymeleaf-spring6\3.1.2.RELEASE\thymeleaf-spring6-3.1.2.RELEASE.jar;C:\Users\MSI\.m2\repository\org\thymeleaf\thymeleaf\3.1.2.RELEASE\thymeleaf-3.1.2.RELEASE.jar;C:\Users\MSI\.m2\repository\org\attoparser\attoparser\2.0.7.RELEASE\attoparser-2.0.7.RELEASE.jar;C:\Users\MSI\.m2\repository\org\unbescape\unbescape\1.1.6.RELEASE\unbescape-1.1.6.RELEASE.jar;C:\Users\MSI\.m2\repository\org\slf4j\slf4j-api\2.0.9\slf4j-api-2.0.9.jar;C:\Users\MSI\.m2\repository\org\springframework\security\spring-security-test\6.1.5\spring-security-test-6.1.5.jar;C:\Users\MSI\.m2\repository\org\springframework\security\spring-security-core\6.1.5\spring-security-core-6.1.5.jar;C:\Users\MSI\.m2\repository\org\springframework\security\spring-security-web\6.1.5\spring-security-web-6.1.5.jar;C:\Users\MSI\.m2\repository\org\springframework\boot\spring-boot-starter-security\3.1.5\spring-boot-starter-security-3.1.5.jar;C:\Users\MSI\.m2\repository\org\springframework\spring-aop\6.0.13\spring-aop-6.0.13.jar;C:\Users\MSI\.m2\repository\org\springframework\security\spring-security-config\6.1.5\spring-security-config-6.1.5.jar;C:\Users\MSI\.m2\repository\org\keycloak\keycloak-spring-boot-starter\24.0.4\keycloak-spring-boot-starter-24.0.4.jar;C:\Users\MSI\.m2\repository\org\keycloak\keycloak-spring-boot-2-adapter\24.0.4\keycloak-spring-boot-2-adapter-24.0.4.jar;C:\Users\MSI\.m2\repository\org\keycloak\keycloak-spring-boot-adapter-core\24.0.4\keycloak-spring-boot-adapter-core-24.0.4.jar;C:\Users\MSI\.m2\repository\org\keycloak\keycloak-authz-client\24.0.4\keycloak-authz-client-24.0.4.jar;C:\Users\MSI\.m2\repository\org\keycloak\spring-boot-container-bundle\24.0.4\spring-boot-container-bundle-24.0.4.jar;C:\Users\MSI\.m2\repository\org\keycloak\keycloak-adapter-core\24.0.4\keycloak-adapter-core-24.0.4.jar;C:\Users\MSI\.m2\repository\org\keycloak\keycloak-crypto-default\24.0.4\keycloak-crypto-default-24.0.4.jar;C:\Users\MSI\.m2\repository\org\keycloak\keycloak-server-spi\24.0.4\keycloak-server-spi-24.0.4.jar;C:\Users\MSI\.m2\repository\org\keycloak\keycloak-server-spi-private\24.0.4\keycloak-server-spi-private-24.0.4.jar;C:\Users\MSI\.m2\repository\org\keycloak\keycloak-spring-security-adapter\24.0.4\keycloak-spring-security-adapter-24.0.4.jar;C:\Users\MSI\.m2\repository\org\keycloak\keycloak-adapter-spi\24.0.4\keycloak-adapter-spi-24.0.4.jar;C:\Users\MSI\.m2\repository\org\keycloak\keycloak-policy-enforcer\24.0.4\keycloak-policy-enforcer-24.0.4.jar;C:\Users\MSI\.m2\repository\org\bouncycastle\bcprov-jdk18on\1.77\bcprov-jdk18on-1.77.jar;C:\Users\MSI\.m2\repository\org\keycloak\keycloak-admin-client\24.0.4\keycloak-admin-client-24.0.4.jar;C:\Users\MSI\.m2\repository\org\keycloak\keycloak-core\24.0.4\keycloak-core-24.0.4.jar;C:\Users\MSI\.m2\repository\org\keycloak\keycloak-common\24.0.4\keycloak-common-24.0.4.jar;C:\Users\MSI\.m2\repository\org\jboss\resteasy\resteasy-client\6.2.7.Final\resteasy-client-6.2.7.Final.jar;C:\Users\MSI\.m2\repository\org\jboss\resteasy\resteasy-client-api\6.2.7.Final\resteasy-client-api-6.2.7.Final.jar;C:\Users\MSI\.m2\repository\org\jboss\resteasy\resteasy-core-spi\6.2.7.Final\resteasy-core-spi-6.2.7.Final.jar;C:\Users\MSI\.m2\repository\org\jboss\resteasy\resteasy-core\6.2.7.Final\resteasy-core-6.2.7.Final.jar;C:\Users\MSI\.m2\repository\org\jboss\jandex\2.4.4.Final\jandex-2.4.4.Final.jar;C:\Users\MSI\.m2\repository\org\eclipse\angus\angus-activation\2.0.1\angus-activation-2.0.1.jar;C:\Users\MSI\.m2\repository\com\ibm\async\asyncutil\0.1.0\asyncutil-0.1.0.jar;C:\Users\MSI\.m2\repository\org\jboss\resteasy\resteasy-multipart-provider\6.2.7.Final\resteasy-multipart-provider-6.2.7.Final.jar;C:\Users\MSI\.m2\repository\jakarta\mail\jakarta.mail-api\2.1.2\jakarta.mail-api-2.1.2.jar;C:\Users\MSI\.m2\repository\org\eclipse\angus\angus-mail\1.1.0\angus-mail-1.1.0.jar;C:\Users\MSI\.m2\repository\org\apache\james\apache-mime4j-dom\0.8.9\apache-mime4j-dom-0.8.9.jar;C:\Users\MSI\.m2\repository\org\apache\james\apache-mime4j-core\0.8.9\apache-mime4j-core-0.8.9.jar;C:\Users\MSI\.m2\repository\org\apache\james\apache-mime4j-storage\0.8.9\apache-mime4j-storage-0.8.9.jar;C:\Users\MSI\.m2\repository\org\jboss\resteasy\resteasy-jackson2-provider\6.2.7.Final\resteasy-jackson2-provider-6.2.7.Final.jar;C:\Users\MSI\.m2\repository\com\fasterxml\jackson\jakarta\rs\jackson-jakarta-rs-base\2.15.3\jackson-jakarta-rs-base-2.15.3.jar;C:\Users\MSI\.m2\repository\com\fasterxml\jackson\jakarta\rs\jackson-jakarta-rs-json-provider\2.15.3\jackson-jakarta-rs-json-provider-2.15.3.jar;C:\Users\MSI\.m2\repository\com\fasterxml\jackson\module\jackson-module-jakarta-xmlbind-annotations\2.15.3\jackson-module-jakarta-xmlbind-annotations-2.15.3.jar;C:\Users\MSI\.m2\repository\com\github\java-json-tools\json-patch\1.13\json-patch-1.13.jar;C:\Users\MSI\.m2\repository\com\github\java-json-tools\msg-simple\1.2\msg-simple-1.2.jar;C:\Users\MSI\.m2\repository\com\github\java-json-tools\btf\1.3\btf-1.3.jar;C:\Users\MSI\.m2\repository\com\github\java-json-tools\jackson-coreutils\2.0\jackson-coreutils-2.0.jar;C:\Users\MSI\.m2\repository\org\jboss\resteasy\resteasy-jaxb-provider\6.2.7.Final\resteasy-jaxb-provider-6.2.7.Final.jar;C:\Users\MSI\.m2\repository\org\glassfish\jaxb\codemodel\4.0.3\codemodel-4.0.3.jar;C:\Users\MSI\.m2\repository\org\glassfish\jaxb\jaxb-core\4.0.3\jaxb-core-4.0.3.jar;C:\Users\MSI\.m2\repository\org\glassfish\jaxb\jaxb-jxc\4.0.3\jaxb-jxc-4.0.3.jar;C:\Users\MSI\.m2\repository\org\glassfish\jaxb\txw2\4.0.3\txw2-4.0.3.jar;C:\Users\MSI\.m2\repository\org\glassfish\jaxb\jaxb-xjc\4.0.3\jaxb-xjc-4.0.3.jar;C:\Users\MSI\.m2\repository\org\glassfish\jaxb\xsom\4.0.3\xsom-4.0.3.jar;C:\Users\MSI\.m2\repository\com\sun\istack\istack-commons-runtime\4.1.2\istack-commons-runtime-4.1.2.jar;C:\Users\MSI\.m2\repository\com\sun\istack\istack-commons-tools\4.1.2\istack-commons-tools-4.1.2.jar;C:\Users\MSI\.m2\repository\com\sun\xml\bind\external\relaxng-datatype\4.0.3\relaxng-datatype-4.0.3.jar;C:\Users\MSI\.m2\repository\com\sun\xml\bind\external\rngom\4.0.3\rngom-4.0.3.jar;C:\Users\MSI\.m2\repository\org\springframework\boot\spring-boot-starter-oauth2-resource-server\3.1.5\spring-boot-starter-oauth2-resource-server-3.1.5.jar;C:\Users\MSI\.m2\repository\org\springframework\security\spring-security-oauth2-resource-server\6.1.5\spring-security-oauth2-resource-server-6.1.5.jar;C:\Users\MSI\.m2\repository\org\springframework\security\spring-security-oauth2-core\6.1.5\spring-security-oauth2-core-6.1.5.jar;C:\Users\MSI\.m2\repository\org\springframework\security\spring-security-oauth2-jose\6.1.5\spring-security-oauth2-jose-6.1.5.jar;C:\Users\MSI\.m2\repository\com\nimbusds\nimbus-jose-jwt\9.24.4\nimbus-jose-jwt-9.24.4.jar;C:\Users\MSI\.m2\repository\com\github\stephenc\jcip\jcip-annotations\1.0-1\jcip-annotations-1.0-1.jar;C:\Users\MSI\.m2\repository\org\springframework\boot\spring-boot-starter-oauth2-client\3.1.5\spring-boot-starter-oauth2-client-3.1.5.jar;C:\Users\MSI\.m2\repository\org\springframework\security\spring-security-oauth2-client\6.1.5\spring-security-oauth2-client-6.1.5.jar;C:\Users\MSI\.m2\repository\com\nimbusds\oauth2-oidc-sdk\9.43.3\oauth2-oidc-sdk-9.43.3.jar;C:\Users\MSI\.m2\repository\com\nimbusds\content-type\2.2\content-type-2.2.jar;C:\Users\MSI\.m2\repository\com\nimbusds\lang-tag\1.7\lang-tag-1.7.jar;C:\Users\MSI\.m2\repository\org\mockito\mockito-core\5.3.0\mockito-core-5.3.0.jar;C:\Users\MSI\.m2\repository\net\bytebuddy\byte-buddy-agent\1.14.9\byte-buddy-agent-1.14.9.jar;C:\Users\MSI\.m2\repository\org\objenesis\objenesis\3.3\objenesis-3.3.jar;C:\Users\MSI\.m2\repository\org\junit\jupiter\junit-jupiter\5.9.2\junit-jupiter-5.9.2.jar;C:\Users\MSI\.m2\repository\org\junit\jupiter\junit-jupiter-api\5.9.3\junit-jupiter-api-5.9.3.jar;C:\Users\MSI\.m2\repository\org\opentest4j\opentest4j\1.2.0\opentest4j-1.2.0.jar;C:\Users\MSI\.m2\repository\org\junit\platform\junit-platform-commons\1.9.3\junit-platform-commons-1.9.3.jar;C:\Users\MSI\.m2\repository\org\junit\jupiter\junit-jupiter-params\5.9.3\junit-jupiter-params-5.9.3.jar;C:\Users\MSI\.m2\repository\org\junit\jupiter\junit-jupiter-engine\5.9.3\junit-jupiter-engine-5.9.3.jar;C:\Users\MSI\.m2\repository\org\junit\platform\junit-platform-engine\1.9.3\junit-platform-engine-1.9.3.jar;C:\Users\MSI\.m2\repository\org\springframework\boot\spring-boot-starter-websocket\3.1.5\spring-boot-starter-websocket-3.1.5.jar;C:\Users\MSI\.m2\repository\org\springframework\spring-messaging\6.0.13\spring-messaging-6.0.13.jar;C:\Users\MSI\.m2\repository\org\springframework\spring-websocket\6.0.13\spring-websocket-6.0.13.jar;C:\Users\MSI\.m2\repository\org\springframework\boot\spring-boot-starter-validation\3.1.5\spring-boot-starter-validation-3.1.5.jar;C:\Users\MSI\.m2\repository\org\apache\tomcat\embed\tomcat-embed-el\10.1.15\tomcat-embed-el-10.1.15.jar;C:\Users\MSI\.m2\repository\org\hibernate\validator\hibernate-validator\8.0.1.Final\hibernate-validator-8.0.1.Final.jar;C:\Users\MSI\.m2\repository\com\fasterxml\jackson\datatype\jackson-datatype-jsr310\2.15.3\jackson-datatype-jsr310-2.15.3.jar;C:\Users\MSI\.m2\repository\io\opentelemetry\opentelemetry-exporter-logging\1.15.0\opentelemetry-exporter-logging-1.15.0.jar;C:\Users\MSI\.m2\repository\io\opentelemetry\opentelemetry-extension-annotations\1.15.0\opentelemetry-extension-annotations-1.15.0.jar;C:\Users\MSI\.m2\repository\io\github\bonigarcia\webdrivermanager\5.5.3\webdrivermanager-5.5.3.jar;C:\Users\MSI\.m2\repository\com\google\code\gson\gson\2.10.1\gson-2.10.1.jar;C:\Users\MSI\.m2\repository\com\github\docker-java\docker-java\3.3.3\docker-java-3.3.3.jar;C:\Users\MSI\.m2\repository\com\github\docker-java\docker-java-core\3.3.3\docker-java-core-3.3.3.jar;C:\Users\MSI\.m2\repository\com\github\docker-java\docker-java-transport-httpclient5\3.3.3\docker-java-transport-httpclient5-3.3.3.jar;C:\Users\MSI\.m2\repository\com\github\docker-java\docker-java-transport\3.3.3\docker-java-transport-3.3.3.jar;C:\Users\MSI\.m2\repository\net\java\dev\jna\jna\5.12.1\jna-5.12.1.jar;C:\Users\MSI\.m2\repository\org\apache\httpcomponents\client5\httpclient5\5.2.1\httpclient5-5.2.1.jar;C:\Users\MSI\.m2\repository\org\apache\httpcomponents\core5\httpcore5\5.2.3\httpcore5-5.2.3.jar;C:\Users\MSI\.m2\repository\org\apache\httpcomponents\core5\httpcore5-h2\5.2.3\httpcore5-h2-5.2.3.jar;C:\Users\MSI\.m2\repository\com\thoughtworks\xstream\xstream\1.4.20\xstream-1.4.20.jar;C:\Users\MSI\.m2\repository\io\github\x-stream\mxparser\1.2.2\mxparser-1.2.2.jar;C:\Users\MSI\.m2\repository\xmlpull\xmlpull\1.1.3.1\xmlpull-1.1.3.1.jar;C:\Users\MSI\.m2\repository\jakarta\validation\jakarta.validation-api\3.0.2\jakarta.validation-api-3.0.2.jar;"/>
    <property name="test" value="PatientControllerTest"/>
    <property name="sun.cpu.endian" value="little"/>
    <property name="user.home" value="C:\Users\MSI"/>
    <property name="user.language" value="en"/>
    <property name="java.specification.vendor" value="Oracle Corporation"/>
    <property name="java.version.date" value="2024-04-16"/>
    <property name="java.home" value="C:\Program Files\Java\jdk-17"/>
    <property name="file.separator" value="\"/>
    <property name="basedir" value="C:\Users\MSI\Desktop\Laboratory_Project\Backend\patient-service"/>
    <property name="java.vm.compressedOopsMode" value="Zero based"/>
    <property name="line.separator" value="&#10;"/>
    <property name="java.vm.specification.vendor" value="Oracle Corporation"/>
    <property name="java.specification.name" value="Java Platform API Specification"/>
    <property name="FILE_LOG_CHARSET" value="windows-1252"/>
    <property name="java.awt.headless" value="true"/>
    <property name="surefire.real.class.path" value="C:\Users\MSI\AppData\Local\Temp\surefire11208681047790028753\surefirebooter-20241228145814436_3.jar"/>
    <property name="user.script" value=""/>
    <property name="sun.management.compiler" value="HotSpot 64-Bit Tiered Compilers"/>
    <property name="java.runtime.version" value="17.0.11+7-LTS-207"/>
    <property name="user.name" value="MSI"/>
    <property name="path.separator" value=";"/>
    <property name="os.version" value="10.0"/>
    <property name="java.runtime.name" value="Java(TM) SE Runtime Environment"/>
    <property name="file.encoding" value="Cp1252"/>
    <property name="java.vm.name" value="Java HotSpot(TM) 64-Bit Server VM"/>
    <property name="localRepository" value="C:\Users\MSI\.m2\repository"/>
    <property name="java.vendor.url.bug" value="https://bugreport.java.com/bugreport/"/>
    <property name="java.io.tmpdir" value="C:\Users\MSI\AppData\Local\Temp\"/>
    <property name="com.zaxxer.hikari.pool_number" value="1"/>
    <property name="java.version" value="17.0.11"/>
    <property name="user.dir" value="C:\Users\MSI\Desktop\Laboratory_Project\Backend\patient-service"/>
    <property name="os.arch" value="amd64"/>
    <property name="java.vm.specification.name" value="Java Virtual Machine Specification"/>
    <property name="PID" value="3148"/>
    <property name="sun.os.patch.level" value=""/>
    <property name="CONSOLE_LOG_CHARSET" value="windows-1252"/>
    <property name="native.encoding" value="Cp1252"/>
    <property name="java.library.path" value="C:\Program Files\Java\jdk-17\bin;C:\Windows\Sun\Java\bin;C:\Windows\system32;C:\Windows;C:\Python312\Scripts\;C:\Python312\;C:\Program Files\Common Files\Oracle\Java\javapath;C:\Windows\system32;C:\Windows;C:\Windows\System32\Wbem;C:\Windows\System32\WindowsPowerShell\v1.0\;C:\Windows\System32\OpenSSH\;C:\Program Files\Java\jdk-17\bin;C:\ProgramData\chocolatey\bin;C:\Program Files\Git\cmd;C:\Program Files\nodejs\;C:\Program Files\MongoDB\Server\7.0\bin;C:\Program Files\dotnet\;C:\Program Files\Microsoft SQL Server\150\Tools\Binn\;C:\Program Files\Microsoft SQL Server\Client SDK\ODBC\170\Tools\Binn\;C:\Program Files\Docker\Docker\resources\bin;C:\Apache\apache-cxf-4.0.5\apache-cxf-4.0.5\bin;C:\apache-maven-3.9.9\bin;C:\Users\MSI\AppData\Local\Microsoft\WindowsApps;;C:\Program Files\JetBrains\IntelliJ IDEA Community Edition 2024.1.1\bin;;C:\Users\MSI\AppData\Local\Programs\Microsoft VS Code\bin;C:\Users\MSI\AppData\Roaming\npm;C:\Users\MSI\AppData\Local\Programs\mongosh\;C:\Users\MSI\.dotnet\tools;C:\Program Files\JetBrains\IntelliJ IDEA 2022.2.5\bin;;."/>
    <property name="java.vm.info" value="mixed mode, sharing"/>
    <property name="java.vendor" value="Oracle Corporation"/>
    <property name="java.vm.version" value="17.0.11+7-LTS-207"/>
    <property name="sun.io.unicode.encoding" value="UnicodeLittle"/>
    <property name="java.class.version" value="61.0"/>
  </properties>
  <testcase name="obtenirTousLesPatientsTest" classname="com.laboratoire.patient_service.PatientControllerTest" time="0.308">
    <system-out><![CDATA[14:58:15.982 [main] INFO org.springframework.test.context.support.AnnotationConfigContextLoaderUtils -- Could not detect default configuration classes for test class [com.laboratoire.patient_service.PatientControllerTest]: PatientControllerTest does not declare any static, non-private, non-final, nested classes annotated with @Configuration.
14:58:16.266 [main] INFO org.springframework.boot.test.context.SpringBootTestContextBootstrapper -- Found @SpringBootConfiguration com.laboratoire.patient_service.PatientServiceApplication for test class com.laboratoire.patient_service.PatientControllerTest

  .   ____          _            __ _ _
 /\\ / ___'_ __ _ _(_)_ __  __ _ \ \ \ \
( ( )\___ | '_ | '_| | '_ \/ _` | \ \ \ \
 \\/  ___)| |_)| | | | | || (_| |  ) ) ) )
  '  |____| .__|_| |_|_| |_\__, | / / / /
 =========|_|==============|___/=/_/_/_/
 :: Spring Boot ::                (v3.1.5)

2024-12-28T14:58:17.386+01:00  INFO 3148 --- [           main] c.l.p.PatientControllerTest              : Starting PatientControllerTest using Java 17.0.11 with PID 3148 (started by MSI in C:\Users\MSI\Desktop\Laboratory_Project\Backend\patient-service)
2024-12-28T14:58:17.388+01:00  INFO 3148 --- [           main] c.l.p.PatientControllerTest              : No active profile set, falling back to 1 default profile: "default"
2024-12-28T14:58:18.905+01:00  INFO 3148 --- [           main] .s.d.r.c.RepositoryConfigurationDelegate : Bootstrapping Spring Data JPA repositories in DEFAULT mode.
2024-12-28T14:58:19.088+01:00  INFO 3148 --- [           main] .s.d.r.c.RepositoryConfigurationDelegate : Finished Spring Data repository scanning in 172 ms. Found 1 JPA repository interfaces.
2024-12-28T14:58:19.567+01:00 DEBUG 3148 --- [           main] o.s.cloud.context.scope.GenericScope     : Generating bean factory id from names: [applicationAvailability, applicationTaskExecutor, authenticationEventPublisher, authenticationManagerBuilder, basicErrorController, beanNameHandlerMapping, beanNameViewResolver, blockingLoadBalancerClient, caffeineLoadBalancerCacheManager, characterEncodingFilter, clientUUID, clientsResource, compositeCompatibilityVerifier, compositeDiscoveryClient, configDataContextRefresher, configurationPropertiesBeans, configurationPropertiesRebinder, conventionErrorViewResolver, conversionServicePostProcessor, corsConfig, data-jpa.repository-aot-processor#0, dataSource, dataSourceScriptDatabaseInitializer, default.org.springframework.cloud.loadbalancer.config.BlockingLoadBalancerClientAutoConfiguration.LoadBalancerClientSpecification, default.org.springframework.cloud.loadbalancer.config.LoadBalancerAutoConfiguration.LoadBalancerClientSpecification, default.org.springframework.cloud.netflix.eureka.loadbalancer.LoadBalancerEurekaAutoConfiguration.LoadBalancerClientSpecification, defaultEurekaClientHttpRequestFactorySupplier, defaultServletHandlerMapping, defaultTemplateResolver, defaultValidator, defaultViewResolver, defaultsBindHandlerAdvisor, delegatingApplicationListener, discoveryClient, dispatcherServlet, dispatcherServletRegistration, dynamicPropertyRegistry, emBeanDefinitionRegistrarPostProcessor, enableGlobalAuthenticationAutowiredConfigurer, entityManagerFactory, entityManagerFactoryBuilder, environmentManager, error, errorAttributes, errorPageCustomizer, errorPageRegistrarBeanPostProcessor, eureka.client.rest-template-timeout-org.springframework.cloud.netflix.eureka.RestTemplateTimeoutProperties, eurekaApplicationInfoManager, eurekaAutoServiceRegistration, eurekaClient, eurekaClientConfigBean, eurekaFeature, eurekaInstanceConfigBean, eurekaLoadBalancerProperties, eurekaRegistration, eurekaServiceRegistry, feignChildContextInitializer, feignClient, feignClientBeanFactoryInitializationCodeGenerator, feignContext, feignFeature, feignTargeter, flashMapManager, formContentFilter, freeMarkerConfiguration, freeMarkerConfigurer, freeMarkerViewResolver, groovyMarkupConfigurer, groovyMarkupViewResolver, groupsResource, gson, gsonBuilder, handlerExceptionResolver, handlerFunctionAdapter, hikariPoolDataSourceMetadataProvider, httpRequestHandlerAdapter, inetUtils, inetUtilsProperties, initializeAuthenticationProviderBeanManagerConfigurer, initializeUserDetailsBeanManagerConfigurer, jacksonGeoModule, jacksonObjectMapper, jacksonObjectMapperBuilder, jdbcConnectionDetails, jdbcConnectionDetailsHikariBeanPostProcessor, jdbcTemplate, jpa.PatientRepository.fragments#0, jpa.named-queries#0, jpaContext, jpaMappingContext, jpaSharedEM_entityManagerFactory, jpaVendorAdapter, jsonComponentModule, jsonMixinModule, jsonMixinModuleEntries, jwtAuthConverter, jwtAuthenticationConverter, jwtDecoderByJwkKeySetUri, keycloak, keycloakConfig, lifecycleProcessor, loadBalancedRestTemplateInitializerDeprecated, loadBalancerChildContextInitializer, loadBalancerClientFactory, loadBalancerClientsDefaultsMappingsProvider, loadBalancerEagerContextInitializer, loadBalancerInterceptor, loadBalancerRequestFactory, loadBalancerServiceInstanceCookieTransformer, localeCharsetMappingsCustomizer, localeResolver, loggingRebinder, mappingJackson2HttpMessageConverter, messageConverters, metaDataSourceAdvisor, methodSecurityInterceptor, methodSecurityMetadataSource, methodValidationPostProcessor, mockMvc, mockMvcBuilder, multipartConfigElement, multipartResolver, mvcContentNegotiationManager, mvcConversionService, mvcHandlerMappingIntrospector, mvcPathMatcher, mvcPatternParser, mvcResourceUrlProvider, mvcUriComponentsContributor, mvcUrlPathHelper, mvcValidator, mvcViewResolver, namedParameterJdbcTemplate, objectPostProcessor, openEntityManagerInViewInterceptor, openEntityManagerInViewInterceptorConfigurer, org.springframework.aop.config.internalAutoProxyCreator, org.springframework.boot.autoconfigure.AutoConfigurationPackages, org.springframework.boot.autoconfigure.aop.AopAutoConfiguration, org.springframework.boot.autoconfigure.aop.AopAutoConfiguration$AspectJAutoProxyingConfiguration, org.springframework.boot.autoconfigure.aop.AopAutoConfiguration$AspectJAutoProxyingConfiguration$CglibAutoProxyConfiguration, org.springframework.boot.autoconfigure.availability.ApplicationAvailabilityAutoConfiguration, org.springframework.boot.autoconfigure.context.ConfigurationPropertiesAutoConfiguration, org.springframework.boot.autoconfigure.context.LifecycleAutoConfiguration, org.springframework.boot.autoconfigure.context.PropertyPlaceholderAutoConfiguration, org.springframework.boot.autoconfigure.dao.PersistenceExceptionTranslationAutoConfiguration, org.springframework.boot.autoconfigure.data.jpa.JpaRepositoriesAutoConfiguration, org.springframework.boot.autoconfigure.data.web.SpringDataWebAutoConfiguration, org.springframework.boot.autoconfigure.freemarker.FreeMarkerAutoConfiguration, org.springframework.boot.autoconfigure.freemarker.FreeMarkerServletWebConfiguration, org.springframework.boot.autoconfigure.groovy.template.GroovyTemplateAutoConfiguration, org.springframework.boot.autoconfigure.groovy.template.GroovyTemplateAutoConfiguration$GroovyMarkupConfiguration, org.springframework.boot.autoconfigure.groovy.template.GroovyTemplateAutoConfiguration$GroovyWebConfiguration, org.springframework.boot.autoconfigure.gson.GsonAutoConfiguration, org.springframework.boot.autoconfigure.http.GsonHttpMessageConvertersConfiguration, org.springframework.boot.autoconfigure.http.HttpMessageConvertersAutoConfiguration, org.springframework.boot.autoconfigure.http.HttpMessageConvertersAutoConfiguration$StringHttpMessageConverterConfiguration, org.springframework.boot.autoconfigure.http.JacksonHttpMessageConvertersConfiguration, org.springframework.boot.autoconfigure.http.JacksonHttpMessageConvertersConfiguration$MappingJackson2HttpMessageConverterConfiguration, org.springframework.boot.autoconfigure.info.ProjectInfoAutoConfiguration, org.springframework.boot.autoconfigure.internalCachingMetadataReaderFactory, org.springframework.boot.autoconfigure.jackson.JacksonAutoConfiguration, org.springframework.boot.autoconfigure.jackson.JacksonAutoConfiguration$Jackson2ObjectMapperBuilderCustomizerConfiguration, org.springframework.boot.autoconfigure.jackson.JacksonAutoConfiguration$JacksonMixinConfiguration, org.springframework.boot.autoconfigure.jackson.JacksonAutoConfiguration$JacksonObjectMapperBuilderConfiguration, org.springframework.boot.autoconfigure.jackson.JacksonAutoConfiguration$JacksonObjectMapperConfiguration, org.springframework.boot.autoconfigure.jackson.JacksonAutoConfiguration$ParameterNamesModuleConfiguration, org.springframework.boot.autoconfigure.jdbc.DataSourceAutoConfiguration, org.springframework.boot.autoconfigure.jdbc.DataSourceAutoConfiguration$PooledDataSourceConfiguration, org.springframework.boot.autoconfigure.jdbc.DataSourceConfiguration$Hikari, org.springframework.boot.autoconfigure.jdbc.DataSourceTransactionManagerAutoConfiguration, org.springframework.boot.autoconfigure.jdbc.DataSourceTransactionManagerAutoConfiguration$JdbcTransactionManagerConfiguration, org.springframework.boot.autoconfigure.jdbc.JdbcTemplateAutoConfiguration, org.springframework.boot.autoconfigure.jdbc.JdbcTemplateConfiguration, org.springframework.boot.autoconfigure.jdbc.NamedParameterJdbcTemplateConfiguration, org.springframework.boot.autoconfigure.jdbc.metadata.DataSourcePoolMetadataProvidersConfiguration, org.springframework.boot.autoconfigure.jdbc.metadata.DataSourcePoolMetadataProvidersConfiguration$HikariPoolDataSourceMetadataProviderConfiguration, org.springframework.boot.autoconfigure.netty.NettyAutoConfiguration, org.springframework.boot.autoconfigure.orm.jpa.HibernateJpaAutoConfiguration, org.springframework.boot.autoconfigure.orm.jpa.HibernateJpaConfiguration, org.springframework.boot.autoconfigure.orm.jpa.JpaBaseConfiguration$JpaWebConfiguration, org.springframework.boot.autoconfigure.orm.jpa.JpaBaseConfiguration$PersistenceManagedTypesConfiguration, org.springframework.boot.autoconfigure.security.oauth2.client.servlet.OAuth2ClientAutoConfiguration, org.springframework.boot.autoconfigure.security.oauth2.resource.servlet.OAuth2ResourceServerAutoConfiguration, org.springframework.boot.autoconfigure.security.oauth2.resource.servlet.OAuth2ResourceServerJwtConfiguration$JwtDecoderConfiguration, org.springframework.boot.autoconfigure.security.oauth2.resource.servlet.OAuth2ResourceServerOpaqueTokenConfiguration$OpaqueTokenIntrospectionClientConfiguration, org.springframework.boot.autoconfigure.security.oauth2.resource.servlet.Oauth2ResourceServerConfiguration$JwtConfiguration, org.springframework.boot.autoconfigure.security.oauth2.resource.servlet.Oauth2ResourceServerConfiguration$OpaqueTokenConfiguration, org.springframework.boot.autoconfigure.security.servlet.SecurityAutoConfiguration, org.springframework.boot.autoconfigure.security.servlet.SecurityFilterAutoConfiguration, org.springframework.boot.autoconfigure.security.servlet.SpringBootWebSecurityConfiguration, org.springframework.boot.autoconfigure.sql.init.DataSourceInitializationConfiguration, org.springframework.boot.autoconfigure.sql.init.SqlInitializationAutoConfiguration, org.springframework.boot.autoconfigure.ssl.SslAutoConfiguration, org.springframework.boot.autoconfigure.task.TaskExecutionAutoConfiguration, org.springframework.boot.autoconfigure.task.TaskSchedulingAutoConfiguration, org.springframework.boot.autoconfigure.thymeleaf.TemplateEngineConfigurations$DefaultTemplateEngineConfiguration, org.springframework.boot.autoconfigure.thymeleaf.ThymeleafAutoConfiguration, org.springframework.boot.autoconfigure.thymeleaf.ThymeleafAutoConfiguration$DefaultTemplateResolverConfiguration, org.springframework.boot.autoconfigure.thymeleaf.ThymeleafAutoConfiguration$ThymeleafSecurityDialectConfiguration, org.springframework.boot.autoconfigure.thymeleaf.ThymeleafAutoConfiguration$ThymeleafWebMvcConfiguration, org.springframework.boot.autoconfigure.thymeleaf.ThymeleafAutoConfiguration$ThymeleafWebMvcConfiguration$ThymeleafViewResolverConfiguration, org.springframework.boot.autoconfigure.transaction.TransactionAutoConfiguration, org.springframework.boot.autoconfigure.transaction.TransactionAutoConfiguration$EnableTransactionManagementConfiguration, org.springframework.boot.autoconfigure.transaction.TransactionAutoConfiguration$EnableTransactionManagementConfiguration$CglibAutoProxyConfiguration, org.springframework.boot.autoconfigure.transaction.TransactionAutoConfiguration$TransactionTemplateConfiguration, org.springframework.boot.autoconfigure.transaction.jta.JtaAutoConfiguration, org.springframework.boot.autoconfigure.validation.ValidationAutoConfiguration, org.springframework.boot.autoconfigure.web.client.RestTemplateAutoConfiguration, org.springframework.boot.autoconfigure.web.servlet.DispatcherServletAutoConfiguration, org.springframework.boot.autoconfigure.web.servlet.DispatcherServletAutoConfiguration$DispatcherServletConfiguration, org.springframework.boot.autoconfigure.web.servlet.DispatcherServletAutoConfiguration$DispatcherServletRegistrationConfiguration, org.springframework.boot.autoconfigure.web.servlet.HttpEncodingAutoConfiguration, org.springframework.boot.autoconfigure.web.servlet.MultipartAutoConfiguration, org.springframework.boot.autoconfigure.web.servlet.ServletWebServerFactoryAutoConfiguration, org.springframework.boot.autoconfigure.web.servlet.ServletWebServerFactoryConfiguration$EmbeddedTomcat, org.springframework.boot.autoconfigure.web.servlet.WebMvcAutoConfiguration, org.springframework.boot.autoconfigure.web.servlet.WebMvcAutoConfiguration$EnableWebMvcConfiguration, org.springframework.boot.autoconfigure.web.servlet.WebMvcAutoConfiguration$WebMvcAutoConfigurationAdapter, org.springframework.boot.autoconfigure.web.servlet.error.ErrorMvcAutoConfiguration, org.springframework.boot.autoconfigure.web.servlet.error.ErrorMvcAutoConfiguration$DefaultErrorViewResolverConfiguration, org.springframework.boot.autoconfigure.web.servlet.error.ErrorMvcAutoConfiguration$WhitelabelErrorViewConfiguration, org.springframework.boot.autoconfigure.websocket.servlet.WebSocketMessagingAutoConfiguration, org.springframework.boot.autoconfigure.websocket.servlet.WebSocketServletAutoConfiguration, org.springframework.boot.autoconfigure.websocket.servlet.WebSocketServletAutoConfiguration$TomcatWebSocketConfiguration, org.springframework.boot.context.internalConfigurationPropertiesBinder, org.springframework.boot.context.properties.BoundConfigurationProperties, org.springframework.boot.context.properties.ConfigurationPropertiesBindingPostProcessor, org.springframework.boot.context.properties.EnableConfigurationPropertiesRegistrar.methodValidationExcludeFilter, org.springframework.boot.sql.init.dependency.DatabaseInitializationDependencyConfigurer$DependsOnDatabaseInitializationPostProcessor, org.springframework.boot.test.autoconfigure.web.servlet.MockMvcAutoConfiguration, org.springframework.boot.test.autoconfigure.web.servlet.MockMvcSecurityConfiguration, org.springframework.boot.test.context.ImportsContextCustomizer$ImportsCleanupPostProcessor, org.springframework.boot.test.mock.mockito.MockitoPostProcessor, org.springframework.boot.test.mock.mockito.MockitoPostProcessor$SpyPostProcessor, org.springframework.boot.testcontainers.properties.TestcontainersPropertySourceAutoConfiguration, org.springframework.boot.testcontainers.service.connection.ServiceConnectionAutoConfiguration, org.springframework.cloud.autoconfigure.ConfigurationPropertiesRebinderAutoConfiguration, org.springframework.cloud.autoconfigure.LifecycleMvcEndpointAutoConfiguration, org.springframework.cloud.autoconfigure.RefreshAutoConfiguration, org.springframework.cloud.autoconfigure.RefreshAutoConfiguration$RefreshScopeBeanDefinitionEnhancer, org.springframework.cloud.client.CommonsClientAutoConfiguration, org.springframework.cloud.client.ReactiveCommonsClientAutoConfiguration, org.springframework.cloud.client.discovery.composite.CompositeDiscoveryClientAutoConfiguration, org.springframework.cloud.client.discovery.simple.SimpleDiscoveryClientAutoConfiguration, org.springframework.cloud.client.loadbalancer.LoadBalancerAutoConfiguration, org.springframework.cloud.client.loadbalancer.LoadBalancerAutoConfiguration$LoadBalancerInterceptorConfig, org.springframework.cloud.client.loadbalancer.LoadBalancerDefaultMappingsProviderAutoConfiguration, org.springframework.cloud.client.serviceregistry.AutoServiceRegistrationAutoConfiguration, org.springframework.cloud.client.serviceregistry.AutoServiceRegistrationConfiguration, org.springframework.cloud.client.serviceregistry.ServiceRegistryAutoConfiguration, org.springframework.cloud.commons.config.CommonsConfigAutoConfiguration, org.springframework.cloud.commons.security.ResourceServerTokenRelayAutoConfiguration, org.springframework.cloud.commons.security.ResourceServerTokenRelayAutoConfiguration$ResourceServerTokenRelayRegistrationAutoConfiguration, org.springframework.cloud.commons.util.UtilAutoConfiguration, org.springframework.cloud.configuration.CompatibilityVerifierAutoConfiguration, org.springframework.cloud.loadbalancer.config.BlockingLoadBalancerClientAutoConfiguration, org.springframework.cloud.loadbalancer.config.LoadBalancerAutoConfiguration, org.springframework.cloud.loadbalancer.config.LoadBalancerCacheAutoConfiguration, org.springframework.cloud.loadbalancer.config.LoadBalancerCacheAutoConfiguration$CaffeineLoadBalancerCacheManagerConfiguration, org.springframework.cloud.netflix.eureka.EurekaClientAutoConfiguration, org.springframework.cloud.netflix.eureka.EurekaClientAutoConfiguration$RefreshableEurekaClientConfiguration, org.springframework.cloud.netflix.eureka.EurekaDiscoveryClientConfiguration, org.springframework.cloud.netflix.eureka.EurekaDiscoveryClientConfiguration$EurekaClientConfigurationRefresher, org.springframework.cloud.netflix.eureka.config.DiscoveryClientOptionalArgsConfiguration, org.springframework.cloud.netflix.eureka.loadbalancer.LoadBalancerEurekaAutoConfiguration, org.springframework.cloud.openfeign.FeignAutoConfiguration, org.springframework.cloud.openfeign.FeignAutoConfiguration$DefaultFeignTargeterConfiguration, org.springframework.cloud.openfeign.FeignAutoConfiguration$FeignJacksonConfiguration, org.springframework.cloud.openfeign.loadbalancer.DefaultFeignLoadBalancerConfiguration, org.springframework.cloud.openfeign.loadbalancer.FeignLoadBalancerAutoConfiguration, org.springframework.context.annotation.internalAutowiredAnnotationProcessor, org.springframework.context.annotation.internalCommonAnnotationProcessor, org.springframework.context.annotation.internalConfigurationAnnotationProcessor, org.springframework.context.annotation.internalPersistenceAnnotationProcessor, org.springframework.context.event.internalEventListenerFactory, org.springframework.context.event.internalEventListenerProcessor, org.springframework.data.jpa.repository.support.JpaEvaluationContextExtension, org.springframework.data.jpa.util.JpaMetamodelCacheCleanup, org.springframework.data.web.config.ProjectingArgumentResolverRegistrar, org.springframework.data.web.config.SpringDataJacksonConfiguration, org.springframework.data.web.config.SpringDataWebConfiguration, org.springframework.security.config.annotation.authentication.configuration.AuthenticationConfiguration, org.springframework.security.config.annotation.configuration.ObjectPostProcessorConfiguration, org.springframework.security.config.annotation.method.configuration.GlobalMethodSecurityConfiguration, org.springframework.security.config.annotation.method.configuration.PrePostMethodSecurityConfiguration, org.springframework.security.config.annotation.web.configuration.HttpSecurityConfiguration, org.springframework.security.config.annotation.web.configuration.HttpSecurityConfiguration.httpSecurity, org.springframework.security.config.annotation.web.configuration.OAuth2ClientConfiguration, org.springframework.security.config.annotation.web.configuration.OAuth2ClientConfiguration$OAuth2ClientWebMvcSecurityConfiguration, org.springframework.security.config.annotation.web.configuration.WebMvcSecurityConfiguration, org.springframework.security.config.annotation.web.configuration.WebSecurityConfiguration, org.springframework.transaction.annotation.ProxyTransactionManagementConfiguration, org.springframework.transaction.config.internalTransactionAdvisor, org.springframework.transaction.config.internalTransactionalEventListenerFactory, pageJacksonModule, pageableCustomizer, pageableResolver, parameterNamesModule, patientController, patientRepository, patientService, patientServiceApplication, persistenceExceptionTranslationPostProcessor, persistenceManagedTypes, platformTransactionManagerCustomizers, postAuthorizeAuthorizationAdvisor, postAuthorizeAuthorizationMethodInterceptor, postFilterAuthorizationAdvisor, postFilterAuthorizationMethodInterceptor, preAuthorizeAuthorizationAdvisor, preAuthorizeAuthorizationMethodInterceptor, preFilterAuthorizationAdvisor, preFilterAuthorizationMethodInterceptor, preInvocationAuthorizationAdvice, preserveErrorControllerTargetClassPostProcessor, privilegeEvaluator, projectingArgumentResolverBeanPostProcessor, propertySourcesPlaceholderConfigurer, refreshEventListener, refreshScope, requestContextFilter, requestDataValueProcessor, requestMappingHandlerAdapter, requestMappingHandlerMapping, resourceHandlerMapping, restTemplateBuilder, restTemplateBuilderConfigurer, restTemplateCustomizer, restTemplateDiscoveryClientOptionalArgs, restTemplateTransportClientFactories, rolesResource, routerFunctionMapping, scopedTarget.eurekaApplicationInfoManager, scopedTarget.eurekaClient, scopedTarget.eurekaRegistration, securityConfig, securityDialect, securityFilterChain, securityFilterChainRegistration, securityMockMvcBuilderCustomizer, server-org.springframework.boot.autoconfigure.web.ServerProperties, serviceManagementMetadataProvider, servletWebServerFactoryCustomizer, sessionAuthenticationStrategy, simpleControllerHandlerAdapter, simpleDiscoveryClient, simpleDiscoveryProperties, sleuthPresentVerifier, sortCustomizer, sortModule, sortResolver, spring.cloud.compatibility-verifier-org.springframework.cloud.configuration.CompatibilityVerifierProperties, spring.cloud.loadbalancer-org.springframework.cloud.client.loadbalancer.LoadBalancerClientsProperties, spring.cloud.loadbalancer.cache-org.springframework.cloud.loadbalancer.cache.LoadBalancerCacheProperties, spring.cloud.loadbalancer.eager-load-org.springframework.cloud.client.loadbalancer.LoadBalancerEagerLoadProperties, spring.cloud.openfeign.client-org.springframework.cloud.openfeign.FeignClientProperties, spring.cloud.openfeign.encoder-org.springframework.cloud.openfeign.support.FeignEncoderProperties, spring.cloud.openfeign.httpclient-org.springframework.cloud.openfeign.support.FeignHttpClientProperties, spring.cloud.refresh-org.springframework.cloud.autoconfigure.RefreshAutoConfiguration$RefreshProperties, spring.cloud.service-registry.auto-registration-org.springframework.cloud.client.serviceregistry.AutoServiceRegistrationProperties, spring.data.web-org.springframework.boot.autoconfigure.data.web.SpringDataWebProperties, spring.datasource-org.springframework.boot.autoconfigure.jdbc.DataSourceProperties, spring.freemarker-org.springframework.boot.autoconfigure.freemarker.FreeMarkerProperties, spring.groovy.template-org.springframework.boot.autoconfigure.groovy.template.GroovyTemplateProperties, spring.gson-org.springframework.boot.autoconfigure.gson.GsonProperties, spring.info-org.springframework.boot.autoconfigure.info.ProjectInfoProperties, spring.jackson-org.springframework.boot.autoconfigure.jackson.JacksonProperties, spring.jdbc-org.springframework.boot.autoconfigure.jdbc.JdbcProperties, spring.jpa-org.springframework.boot.autoconfigure.orm.jpa.JpaProperties, spring.jpa.hibernate-org.springframework.boot.autoconfigure.orm.jpa.HibernateProperties, spring.lifecycle-org.springframework.boot.autoconfigure.context.LifecycleProperties, spring.mvc-org.springframework.boot.autoconfigure.web.servlet.WebMvcProperties, spring.netty-org.springframework.boot.autoconfigure.netty.NettyProperties, spring.security-org.springframework.boot.autoconfigure.security.SecurityProperties, spring.security.oauth2.resourceserver-org.springframework.boot.autoconfigure.security.oauth2.resource.OAuth2ResourceServerProperties, spring.servlet.multipart-org.springframework.boot.autoconfigure.web.servlet.MultipartProperties, spring.sql.init-org.springframework.boot.autoconfigure.sql.init.SqlInitializationProperties, spring.ssl-org.springframework.boot.autoconfigure.ssl.SslProperties, spring.task.execution-org.springframework.boot.autoconfigure.task.TaskExecutionProperties, spring.task.scheduling-org.springframework.boot.autoconfigure.task.TaskSchedulingProperties, spring.thymeleaf-org.springframework.boot.autoconfigure.thymeleaf.ThymeleafProperties, spring.transaction-org.springframework.boot.autoconfigure.transaction.TransactionProperties, spring.web-org.springframework.boot.autoconfigure.web.WebProperties, springBootMockMvcBuilderCustomizer, springBootVersionVerifier, springSecurityFilterChain, sslBundleRegistry, sslPropertiesSslBundleRegistrar, standardGsonBuilderCustomizer, standardJacksonObjectMapperBuilderCustomizer, stringHttpMessageConverter, taskExecutorBuilder, taskSchedulerBuilder, templateEngine, themeResolver, thymeleafViewResolver, tlsProperties, tomcatServletWebServerFactory, tomcatServletWebServerFactoryCustomizer, transactionAttributeSource, transactionInterceptor, transactionManager, transactionTemplate, usersResource, viewControllerHandlerMapping, viewNameTranslator, viewResolver, webSecurityExpressionHandler, webServerFactoryCustomizerBeanPostProcessor, websocketServletWebServerCustomizer, welcomePageHandlerMapping, welcomePageNotAcceptableHandlerMapping, xForwarderHeadersFeignTransformer, xForwarderHeadersTransformer, zoneConfig]
2024-12-28T14:58:19.593+01:00  INFO 3148 --- [           main] o.s.cloud.context.scope.GenericScope     : BeanFactory id=57c53d91-f14c-3663-8ee4-e43b6cfa7c78
2024-12-28T14:58:21.569+01:00  INFO 3148 --- [           main] o.hibernate.jpa.internal.util.LogHelper  : HHH000204: Processing PersistenceUnitInfo [name: default]
2024-12-28T14:58:21.705+01:00  INFO 3148 --- [           main] org.hibernate.Version                    : HHH000412: Hibernate ORM core version 6.2.13.Final
2024-12-28T14:58:21.712+01:00  INFO 3148 --- [           main] org.hibernate.cfg.Environment            : HHH000406: Using bytecode reflection optimizer
2024-12-28T14:58:22.039+01:00  INFO 3148 --- [           main] o.s.o.j.p.SpringPersistenceUnitInfo      : No LoadTimeWeaver setup: ignoring JPA class transformer
2024-12-28T14:58:22.091+01:00  INFO 3148 --- [           main] com.zaxxer.hikari.HikariDataSource       : HikariPool-1 - Starting...
2024-12-28T14:58:22.281+01:00  INFO 3148 --- [           main] com.zaxxer.hikari.pool.HikariPool        : HikariPool-1 - Added connection org.postgresql.jdbc.PgConnection@52c27d53
2024-12-28T14:58:22.284+01:00  INFO 3148 --- [           main] com.zaxxer.hikari.HikariDataSource       : HikariPool-1 - Start completed.
2024-12-28T14:58:22.338+01:00  WARN 3148 --- [           main] org.hibernate.orm.deprecation            : HHH90000025: PostgreSQLDialect does not need to be specified explicitly using 'hibernate.dialect' (remove the property setting and it will be selected by default)
2024-12-28T14:58:23.585+01:00  INFO 3148 --- [           main] o.h.e.t.j.p.i.JtaPlatformInitiator       : HHH000489: No JTA platform available (set 'hibernate.transaction.jta.platform' to enable JTA platform integration)
2024-12-28T14:58:23.701+01:00  INFO 3148 --- [           main] j.LocalContainerEntityManagerFactoryBean : Initialized JPA EntityManagerFactory for persistence unit 'default'
2024-12-28T14:58:25.201+01:00  WARN 3148 --- [           main] JpaBaseConfiguration$JpaWebConfiguration : spring.jpa.open-in-view is enabled by default. Therefore, database queries may be performed during view rendering. Explicitly configure spring.jpa.open-in-view to disable this warning
2024-12-28T14:58:25.333+01:00 DEBUG 3148 --- [           main] swordEncoderAuthenticationManagerBuilder : No authenticationProviders and no parentAuthenticationManager defined. Returning null.
2024-12-28T14:58:25.648+01:00  INFO 3148 --- [           main] o.s.s.web.DefaultSecurityFilterChain     : Will secure any request with [org.springframework.security.web.session.DisableEncodeUrlFilter@7c9d2ed7, org.springframework.security.web.context.request.async.WebAsyncManagerIntegrationFilter@621c7b91, org.springframework.security.web.context.SecurityContextHolderFilter@39b50027, org.springframework.security.web.header.HeaderWriterFilter@4832813d, org.springframework.security.web.authentication.logout.LogoutFilter@753b6846, org.springframework.security.oauth2.server.resource.web.authentication.BearerTokenAuthenticationFilter@6ec5c4e2, org.springframework.security.web.savedrequest.RequestCacheAwareFilter@1b6daf20, org.springframework.security.web.servletapi.SecurityContextHolderAwareRequestFilter@41a3656f, org.springframework.security.web.authentication.AnonymousAuthenticationFilter@223e51e4, org.springframework.security.web.session.SessionManagementFilter@4acae4c7, org.springframework.security.web.access.ExceptionTranslationFilter@3503e68e, org.springframework.security.web.access.intercept.AuthorizationFilter@322f6283]
2024-12-28T14:58:26.566+01:00  WARN 3148 --- [           main] ion$DefaultTemplateResolverConfiguration : Cannot find template location: classpath:/templates/ (please add some templates, check your Thymeleaf configuration, or set spring.thymeleaf.check-template-location=false)
2024-12-28T14:58:27.729+01:00  WARN 3148 --- [           main] o.s.b.a.f.FreeMarkerAutoConfiguration    : Cannot find template location(s): [classpath:/templates/] (please add some templates, check your FreeMarker configuration, or set spring.freemarker.check-template-location=false)
2024-12-28T14:58:27.730+01:00  WARN 3148 --- [           main] .b.a.g.t.GroovyTemplateAutoConfiguration : Cannot find template location: classpath:/templates/ (please add some templates, check your Groovy configuration, or set spring.groovy.template.check-template-location=false)
2024-12-28T14:58:28.418+01:00  INFO 3148 --- [           main] o.s.b.t.m.w.SpringBootMockServletContext : Initializing Spring TestDispatcherServlet ''
2024-12-28T14:58:28.418+01:00  INFO 3148 --- [           main] o.s.t.web.servlet.TestDispatcherServlet  : Initializing Servlet ''
2024-12-28T14:58:28.420+01:00  INFO 3148 --- [           main] o.s.t.web.servlet.TestDispatcherServlet  : Completed initialization in 2 ms
2024-12-28T14:58:28.647+01:00  INFO 3148 --- [           main] DiscoveryClientOptionalArgsConfiguration : Eureka HTTP Client uses RestTemplate.
2024-12-28T14:58:28.833+01:00 DEBUG 3148 --- [           main] .n.e.m.DefaultManagementMetadataProvider : Constructed eureka meta-data healthcheckUrl: http://DESKTOP-0ORNS4N:8072/actuator/health
2024-12-28T14:58:28.833+01:00 DEBUG 3148 --- [           main] .n.e.m.DefaultManagementMetadataProvider : Constructed eureka meta-data statusPageUrl: http://DESKTOP-0ORNS4N:8072/actuator/info
2024-12-28T14:58:28.904+01:00 DEBUG 3148 --- [           main] o.s.c.c.SpringBootVersionVerifier        : Version found in Boot manifest [3.1.5]
2024-12-28T14:58:28.904+01:00 DEBUG 3148 --- [           main] o.s.c.c.SpringBootVersionVerifier        : Version found in Boot manifest [3.1.5]
2024-12-28T14:58:28.906+01:00 DEBUG 3148 --- [           main] o.s.c.c.CompositeCompatibilityVerifier   : All conditions are passing
2024-12-28T14:58:29.043+01:00  INFO 3148 --- [           main] o.s.c.n.eureka.InstanceInfoFactory       : Setting initial instance status as: STARTING
2024-12-28T14:58:29.171+01:00  INFO 3148 --- [           main] com.netflix.discovery.DiscoveryClient    : Initializing Eureka in region us-east-1
2024-12-28T14:58:29.178+01:00  INFO 3148 --- [           main] c.n.d.s.r.aws.ConfigClusterResolver      : Resolving eureka endpoints via configuration
2024-12-28T14:58:29.217+01:00  INFO 3148 --- [           main] com.netflix.discovery.DiscoveryClient    : Disable delta property : false
2024-12-28T14:58:29.217+01:00  INFO 3148 --- [           main] com.netflix.discovery.DiscoveryClient    : Single vip registry refresh property : null
2024-12-28T14:58:29.217+01:00  INFO 3148 --- [           main] com.netflix.discovery.DiscoveryClient    : Force full registry fetch : false
2024-12-28T14:58:29.217+01:00  INFO 3148 --- [           main] com.netflix.discovery.DiscoveryClient    : Application is null : false
2024-12-28T14:58:29.218+01:00  INFO 3148 --- [           main] com.netflix.discovery.DiscoveryClient    : Registered Applications size is zero : true
2024-12-28T14:58:29.218+01:00  INFO 3148 --- [           main] com.netflix.discovery.DiscoveryClient    : Application version is -1: true
2024-12-28T14:58:29.218+01:00  INFO 3148 --- [           main] com.netflix.discovery.DiscoveryClient    : Getting all instance registry info from the eureka server
2024-12-28T14:58:29.566+01:00  INFO 3148 --- [           main] com.netflix.discovery.DiscoveryClient    : The response status is 200
2024-12-28T14:58:29.570+01:00  INFO 3148 --- [           main] com.netflix.discovery.DiscoveryClient    : Starting heartbeat executor: renew interval is: 30
2024-12-28T14:58:29.578+01:00  INFO 3148 --- [           main] c.n.discovery.InstanceInfoReplicator     : InstanceInfoReplicator onDemand update allowed rate per min is 4
2024-12-28T14:58:29.587+01:00  INFO 3148 --- [           main] com.netflix.discovery.DiscoveryClient    : Discovery Client initialized at timestamp 1735394309585 with initial instances count: 5
2024-12-28T14:58:29.594+01:00  INFO 3148 --- [           main] o.s.c.n.e.s.EurekaServiceRegistry        : Registering application PATIENT-SERVICE with eureka with status UP
2024-12-28T14:58:29.595+01:00  INFO 3148 --- [           main] com.netflix.discovery.DiscoveryClient    : Saw local status change event StatusChangeEvent [timestamp=1735394309595, current=UP, previous=STARTING]
2024-12-28T14:58:29.600+01:00  INFO 3148 --- [nfoReplicator-0] com.netflix.discovery.DiscoveryClient    : DiscoveryClient_PATIENT-SERVICE/DESKTOP-0ORNS4N:patient-service:8072: registering service...
2024-12-28T14:58:29.617+01:00  INFO 3148 --- [           main] c.l.p.PatientControllerTest              : Started PatientControllerTest in 13.044 seconds (process running for 14.978)
2024-12-28T14:58:29.698+01:00  INFO 3148 --- [nfoReplicator-0] com.netflix.discovery.DiscoveryClient    : DiscoveryClient_PATIENT-SERVICE/DESKTOP-0ORNS4N:patient-service:8072 - registration status: 204
2024-12-28T14:58:29.799+01:00 DEBUG 3148 --- [           main] o.s.security.web.FilterChainProxy        : Securing GET /api/patients
2024-12-28T14:58:29.814+01:00 DEBUG 3148 --- [           main] o.s.s.w.a.AnonymousAuthenticationFilter  : Set SecurityContextHolder to anonymous SecurityContext
2024-12-28T14:58:29.815+01:00 DEBUG 3148 --- [           main] o.s.security.web.FilterChainProxy        : Secured GET /api/patients
]]></system-out>
  </testcase>
  <testcase name="supprimerPatientTest" classname="com.laboratoire.patient_service.PatientControllerTest" time="0.024">
    <system-out><![CDATA[2024-12-28T14:58:30.001+01:00 DEBUG 3148 --- [           main] o.s.security.web.FilterChainProxy        : Securing DELETE /api/patients/1
2024-12-28T14:58:30.001+01:00 DEBUG 3148 --- [           main] o.s.s.w.a.AnonymousAuthenticationFilter  : Set SecurityContextHolder to anonymous SecurityContext
2024-12-28T14:58:30.002+01:00 DEBUG 3148 --- [           main] o.s.security.web.FilterChainProxy        : Secured DELETE /api/patients/1
]]></system-out>
  </testcase>
  <testcase name="obtenirPatientParIdTest" classname="com.laboratoire.patient_service.PatientControllerTest" time="0.013">
    <system-out><![CDATA[2024-12-28T14:58:30.024+01:00 DEBUG 3148 --- [           main] o.s.security.web.FilterChainProxy        : Securing GET /api/patients/1
2024-12-28T14:58:30.025+01:00 DEBUG 3148 --- [           main] o.s.s.w.a.AnonymousAuthenticationFilter  : Set SecurityContextHolder to anonymous SecurityContext
2024-12-28T14:58:30.025+01:00 DEBUG 3148 --- [           main] o.s.security.web.FilterChainProxy        : Secured GET /api/patients/1
]]></system-out>
  </testcase>
  <testcase name="ajouterPatientTest" classname="com.laboratoire.patient_service.PatientControllerTest" time="0.029">
    <system-out><![CDATA[2024-12-28T14:58:30.043+01:00 DEBUG 3148 --- [           main] o.s.security.web.FilterChainProxy        : Securing POST /api/patients
2024-12-28T14:58:30.043+01:00 DEBUG 3148 --- [           main] o.s.s.w.a.AnonymousAuthenticationFilter  : Set SecurityContextHolder to anonymous SecurityContext
2024-12-28T14:58:30.044+01:00 DEBUG 3148 --- [           main] o.s.security.web.FilterChainProxy        : Secured POST /api/patients
]]></system-out>
  </testcase>
</testsuite>